#
# A fatal error has been detected by the Java Runtime Environment:
#
#  SIGSEGV (0xb) at pc=0x00007faf48a06360, pid=1791398, tid=1791422
#
# JRE version: OpenJDK Runtime Environment (Red_Hat-17.0.9.0.9-1) (17.0.9+9) (build 17.0.9+9-LTS)
# Java VM: OpenJDK 64-Bit Server VM (Red_Hat-17.0.9.0.9-1) (17.0.9+9-LTS, mixed mode, sharing, tiered, compressed oops, compressed class ptrs, g1 gc, linux-amd64)
# Problematic frame:
# C  0x00007faf48a06360
#
# Core dump will be written. Default location: Core dumps may be processed with "/usr/lib/systemd/systemd-coredump %P %u %g %s %t %c %h" (or dumping to /home/t24111/v1.0src/web/backend/mdm/build/libs/core.1791398)
#
# If you would like to submit a bug report, please visit:
#   https://access.redhat.com/support/cases/
#

---------------  S U M M A R Y ------------

Command Line: mdm-0.0.1-SNAPSHOT.jar

Host: Intel(R) Core(TM) i9-10980XE CPU @ 3.00GHz, 18 cores, 124G, Rocky Linux release 9.3 (Blue Onyx)
Time: Fri Jun  7 09:34:01 2024 KST elapsed time: 0.376482 seconds (0d 0h 0m 0s)

---------------  T H R E A D  ---------------

Current thread (0x00007faf6001c940):  JavaThread "C2 CompilerThread1" daemon [_thread_in_native, id=1791422, stack(0x00007fb000456000,0x00007fb000556000)]


Current CompileTask:
C2:    376 1548   !   4       java.net.URL::<init> (543 bytes)

Stack: [0x00007fb000456000,0x00007fb000556000],  sp=0x00007fb000550b18,  free space=1002k
Native frames: (J=compiled Java code, j=interpreted, Vv=VM code, C=native code)
C  0x00007faf48a06360
V  [libjvm.so+0xb455ae]  PhaseIdealLoop::build_and_optimize()+0x7ae
V  [libjvm.so+0x5fb835]  PhaseIdealLoop::optimize(PhaseIterGVN&, LoopOptsMode)+0x195
V  [libjvm.so+0x5f977c]  Compile::Optimize()+0xeac
V  [libjvm.so+0x5fb049]  Compile::Compile(ciEnv*, ciMethod*, int, bool, bool, bool, bool, bool, DirectiveSet*)+0xe79
V  [libjvm.so+0x534758]  C2Compiler::compile_method(ciEnv*, ciMethod*, int, bool, DirectiveSet*)+0x108
V  [libjvm.so+0x6044ab]  CompileBroker::invoke_compiler_on_method(CompileTask*)+0xf7b
V  [libjvm.so+0x605358]  CompileBroker::compiler_thread_loop()+0x6a8
V  [libjvm.so+0xeec9ba]  JavaThread::thread_main_inner()+0x1ea
V  [libjvm.so+0xef06d3]  Thread::call_run()+0xd3
V  [libjvm.so+0xc9cfc9]  thread_native_entry(Thread*)+0xe9


siginfo: si_signo: 11 (SIGSEGV), si_code: 2 (SEGV_ACCERR), si_addr: 0x00007faf48a06360

Registers:
RAX=0x00007faf48a062d0, RBX=0x00007fb000550c10, RCX=0x0000000000000000, RDX=0x0000000002000000
RSP=0x00007fb000550b18, RBP=0x00007fb000550b80, RSI=0x00007faf4c3482d0, RDI=0x00007faf48a055b0
R8 =0x00007faf4c59e348, R9 =0x00007fb069032888, R10=0x00000000000000bd, R11=0x00007faf48a055b0
R12=0x00007fb000550bf0, R13=0x00007fb000550c30, R14=0x000000000000002b, R15=0x00007fb000550f20
RIP=0x00007faf48a06360, EFLAGS=0x0000000000010202, CSGSFS=0x002b000000000033, ERR=0x0000000000000015
  TRAPNO=0x000000000000000e


Register to memory mapping:

RAX=0x00007faf48a062d0 points into unknown readable memory: 0x00007fb0692c84f8 | f8 84 2c 69 b0 7f 00 00
RBX=0x00007fb000550c10 is pointing into the stack for thread: 0x00007faf6001c940
RCX=0x0 is NULL
RDX=0x0000000002000000 is an unknown value
RSP=0x00007fb000550b18 is pointing into the stack for thread: 0x00007faf6001c940
RBP=0x00007fb000550b80 is pointing into the stack for thread: 0x00007faf6001c940
RSI=0x00007faf4c3482d0 points into unknown readable memory: 0x00007faf5c106260 | 60 62 10 5c af 7f 00 00
RDI=0x00007faf48a055b0 points into unknown readable memory: 0x00007faf48a062d0 | d0 62 a0 48 af 7f 00 00
R8 =0x00007faf4c59e348 points into unknown readable memory: 0x00007fb069329868 | 68 98 32 69 b0 7f 00 00
R9 =0x00007fb069032888: <offset 0x0000000001032888> in /usr/lib/jvm/java-17-openjdk-17.0.9.0.9-2.el9.x86_64/lib/server/libjvm.so at 0x00007fb068000000
R10=0x00000000000000bd is an unknown value
R11=0x00007faf48a055b0 points into unknown readable memory: 0x00007faf48a062d0 | d0 62 a0 48 af 7f 00 00
R12=0x00007fb000550bf0 is pointing into the stack for thread: 0x00007faf6001c940
R13=0x00007fb000550c30 is pointing into the stack for thread: 0x00007faf6001c940
R14=0x000000000000002b is an unknown value
R15=0x00007fb000550f20 is pointing into the stack for thread: 0x00007faf6001c940


Top of Stack: (sp=0x00007fb000550b18)
0x00007fb000550b18:   00007fb068b44b96 00007fb0005518d8
0x00007fb000550b28:   00007faf50624f88 00007faf4c5f2e78
0x00007fb000550b38:   00007faf000000bd 00007faf4c59e348
0x00007fb000550b48:   00007faf48a055b0 00007fb000550c30
0x00007fb000550b58:   00007fb000550f20 00007fb000550bf0
0x00007fb000550b68:   0000000000000001 00007fb000550c30
0x00007fb000550b78:   00007fb000550c10 00007fb000550ee0
0x00007fb000550b88:   00007fb068b455ae 00007faf4c3042f8
0x00007fb000550b98:   00007fb000551c00 00007faf50149d00
0x00007fb000550ba8:   00007faf00000001 ffffffff000009b2
0x00007fb000550bb8:   0000000000004d40 000009b160153508
0x00007fb000550bc8:   00000002000074c2 00007fb060042d60
0x00007fb000550bd8:   00007faf48001400 00007faf44001010
0x00007fb000550be8:   00007faf540b46a8 0000000000000080
0x00007fb000550bf8:   00007faf4427be70 00007fb000000080
0x00007fb000550c08:   00007faf6001cf00 00007faf44276b20
0x00007fb000550c18:   00007faf4427b860 00007faf44276b20
0x00007fb000550c28:   00007faf6001cf00 00007faf6001cf00
0x00007fb000550c38:   524d35d600000400 00007faf4c35fc30
0x00007fb000550c48:   000000000000027a 00007faf6001cf00
0x00007fb000550c58:   0000000000000004 00007faf6004db40
0x00007fb000550c68:   0000000000000000 00007faf44001010
0x00007fb000550c78:   00007faf540b46a8 0000000000000000
0x00007fb000550c88:   00007faf4442f7d0 00007fb000550ca0
0x00007fb000550c98:   00000000005512b0 00007fb0005512b0
0x00007fb000550ca8:   00007fb0694ae939 00007faf4c000020
0x00007fb000550cb8:   0000000000000800 0000000000000000
0x00007fb000550cc8:   0000000000000007 0000000000008010
0x00007fb000550cd8:   a2d4f10786e00543 0000000000000076
0x00007fb000550ce8:   0000000000000810 0000000000008040
0x00007fb000550cf8:   0000000000000200 0000023000000802
0x00007fb000550d08:   0000000000000001 0000000000000008 

Instructions: (pc=0x00007faf48a06360)
0x00007faf48a06260:   01 00 00 00 04 00 00 00 4e 0f 00 00 02 00 00 00
0x00007faf48a06270:   04 00 00 00 00 00 00 00 02 00 00 00 00 00 00 00
0x00007faf48a06280:   88 62 a0 48 af 7f 00 00 98 62 a0 48 af 7f 00 00
0x00007faf48a06290:   c0 62 a0 48 af 7f 00 00 20 cf 2a 69 b0 7f 00 00
0x00007faf48a062a0:   98 96 19 44 af 7f 00 00 f8 5b a0 48 af 7f 00 00
0x00007faf48a062b0:   38 3e 5b 4c af 7f 00 00 00 00 00 00 00 00 00 00
0x00007faf48a062c0:   00 f2 2a 69 b0 7f 00 00 0c 00 00 00 00 00 00 00
0x00007faf48a062d0:   f8 84 2c 69 b0 7f 00 00 38 63 a0 48 af 7f 00 00
0x00007faf48a062e0:   60 63 a0 48 af 7f 00 00 02 00 00 00 04 00 00 00
0x00007faf48a062f0:   01 00 00 00 04 00 00 00 4f 0f 00 00 02 00 00 00
0x00007faf48a06300:   00 00 00 00 00 00 00 00 02 00 00 00 00 00 00 00
0x00007faf48a06310:   20 63 a0 48 af 7f 00 00 20 f9 3e 4c af 7f 00 00
0x00007faf48a06320:   30 63 a0 48 af 7f 00 00 58 63 a0 48 af 7f 00 00
0x00007faf48a06330:   e0 d6 2a 69 b0 7f 00 00 40 95 19 44 af 7f 00 00
0x00007faf48a06340:   c8 3c 5b 4c af 7f 00 00 00 00 00 00 00 00 00 00
0x00007faf48a06350:   00 00 00 00 00 00 00 00 e0 d6 2a 69 b0 7f 00 00
0x00007faf48a06360:   b0 3d 5b 4c af 7f 00 00 b0 3d 5b 4c af 7f 00 00
0x00007faf48a06370:   70 9f 0f 4c af 7f 00 00 20 a0 0f 4c af 7f 00 00
0x00007faf48a06380:   88 61 a0 48 af 7f 00 00 00 00 00 00 00 00 00 00
0x00007faf48a06390:   00 00 00 00 00 00 00 00 00 00 00 00 00 00 00 00
0x00007faf48a063a0:   f8 4b 2b 69 b0 7f 00 00 00 64 a0 48 af 7f 00 00
0x00007faf48a063b0:   30 64 a0 48 af 7f 00 00 03 00 00 00 04 00 00 00
0x00007faf48a063c0:   02 00 00 00 04 00 00 00 50 0f 00 00 02 00 00 00
0x00007faf48a063d0:   04 00 00 00 00 00 00 00 02 00 00 00 00 00 00 00
0x00007faf48a063e0:   e8 63 a0 48 af 7f 00 00 f8 63 a0 48 af 7f 00 00
0x00007faf48a063f0:   20 64 a0 48 af 7f 00 00 20 cf 2a 69 b0 7f 00 00
0x00007faf48a06400:   00 00 00 00 00 00 00 00 f8 5b a0 48 af 7f 00 00
0x00007faf48a06410:   20 42 5b 4c af 7f 00 00 00 00 00 00 00 00 00 00
0x00007faf48a06420:   f8 f2 2a 69 b0 7f 00 00 89 00 00 00 00 00 00 00
0x00007faf48a06430:   88 61 a0 48 af 7f 00 00 f0 5a a0 48 af 7f 00 00
0x00007faf48a06440:   00 00 00 00 00 00 00 00 00 00 00 00 00 00 00 00
0x00007faf48a06450:   e0 60 a0 48 af 7f 00 00 00 00 00 00 00 00 00 00 


Stack slot to memory mapping:
stack at sp + 0 slots: 0x00007fb068b44b96: <offset 0x0000000000b44b96> in /usr/lib/jvm/java-17-openjdk-17.0.9.0.9-2.el9.x86_64/lib/server/libjvm.so at 0x00007fb068000000
stack at sp + 1 slots: 0x00007fb0005518d8 is pointing into the stack for thread: 0x00007faf6001c940
stack at sp + 2 slots: 0x00007faf50624f88 points into unknown readable memory: 0x00007fb069332200 | 00 22 33 69 b0 7f 00 00
stack at sp + 3 slots: 0x00007faf4c5f2e78 points into unknown readable memory: 0x00007fb0693223e0 | e0 23 32 69 b0 7f 00 00
stack at sp + 4 slots: 0x00007faf000000bd is an unknown value
stack at sp + 5 slots: 0x00007faf4c59e348 points into unknown readable memory: 0x00007fb069329868 | 68 98 32 69 b0 7f 00 00
stack at sp + 6 slots: 0x00007faf48a055b0 points into unknown readable memory: 0x00007faf48a062d0 | d0 62 a0 48 af 7f 00 00
stack at sp + 7 slots: 0x00007fb000550c30 is pointing into the stack for thread: 0x00007faf6001c940


---------------  P R O C E S S  ---------------

Threads class SMR info:
_java_thread_list=0x00007faf60187d50, length=20, elements={
0x00007fb060024cb0, 0x00007fb0601edfb0, 0x00007fb0601ef3a0, 0x00007fb0601f4950,
0x00007fb0601f5d10, 0x00007fb0601f7130, 0x00007fb0601f8b70, 0x00007fb0601fa0b0,
0x00007fb0601fb530, 0x00007fb060202b30, 0x00007fb060206510, 0x00007faf7407d9d0,
0x00007faf5c0ad140, 0x00007faf5c0ae300, 0x00007fb06028b560, 0x00007faf6001c940,
0x00007faf4c001c80, 0x00007faf5004ba10, 0x00007faf5003cb60, 0x00007faf60186d50
}

Java Threads: ( => current thread )
  0x00007fb060024cb0 JavaThread "main" [_thread_in_vm, id=1791399, stack(0x00007fb067f00000,0x00007fb068000000)]
  0x00007fb0601edfb0 JavaThread "Reference Handler" daemon [_thread_blocked, id=1791406, stack(0x00007fb001357000,0x00007fb001457000)]
  0x00007fb0601ef3a0 JavaThread "Finalizer" daemon [_thread_blocked, id=1791407, stack(0x00007fb001257000,0x00007fb001357000)]
  0x00007fb0601f4950 JavaThread "Signal Dispatcher" daemon [_thread_blocked, id=1791408, stack(0x00007fb001157000,0x00007fb001257000)]
  0x00007fb0601f5d10 JavaThread "Service Thread" daemon [_thread_blocked, id=1791409, stack(0x00007fb001057000,0x00007fb001157000)]
  0x00007fb0601f7130 JavaThread "Monitor Deflation Thread" daemon [_thread_blocked, id=1791410, stack(0x00007fb000f57000,0x00007fb001057000)]
  0x00007fb0601f8b70 JavaThread "C2 CompilerThread0" daemon [_thread_in_native, id=1791411, stack(0x00007fb000e57000,0x00007fb000f57000)]
  0x00007fb0601fa0b0 JavaThread "C1 CompilerThread0" daemon [_thread_in_native, id=1791412, stack(0x00007fb000d57000,0x00007fb000e57000)]
  0x00007fb0601fb530 JavaThread "Sweeper thread" daemon [_thread_blocked, id=1791413, stack(0x00007fb000c57000,0x00007fb000d57000)]
  0x00007fb060202b30 JavaThread "Notification Thread" daemon [_thread_blocked, id=1791414, stack(0x00007fb000b57000,0x00007fb000c57000)]
  0x00007fb060206510 JavaThread "Common-Cleaner" daemon [_thread_blocked, id=1791416, stack(0x00007fb000956000,0x00007fb000a56000)]
  0x00007faf7407d9d0 JavaThread "C1 CompilerThread1" daemon [_thread_blocked, id=1791417, stack(0x00007fb000856000,0x00007fb000956000)]
  0x00007faf5c0ad140 JavaThread "C1 CompilerThread2" daemon [_thread_in_native, id=1791418, stack(0x00007fb000756000,0x00007fb000856000)]
  0x00007faf5c0ae300 JavaThread "C1 CompilerThread3" daemon [_thread_blocked, id=1791419, stack(0x00007fb000656000,0x00007fb000756000)]
  0x00007fb06028b560 JavaThread "Cleaner-0" daemon [_thread_blocked, id=1791420, stack(0x00007fb000556000,0x00007fb000656000)]
=>0x00007faf6001c940 JavaThread "C2 CompilerThread1" daemon [_thread_in_native, id=1791422, stack(0x00007fb000456000,0x00007fb000556000)]
  0x00007faf4c001c80 JavaThread "C2 CompilerThread2" daemon [_thread_in_native, id=1791423, stack(0x00007fb000356000,0x00007fb000456000)]
  0x00007faf5004ba10 JavaThread "C2 CompilerThread3" daemon [_thread_in_native, id=1791424, stack(0x00007fb00002b000,0x00007fb00012b000)]
  0x00007faf5003cb60 JavaThread "C2 CompilerThread4" daemon [_thread_in_native, id=1791425, stack(0x00007fafa6f00000,0x00007fafa7000000)]
  0x00007faf60186d50 JavaThread "C2 CompilerThread5" daemon [_thread_blocked, id=1791426, stack(0x00007fafa6e00000,0x00007fafa6f00000)]

Other Threads:
  0x00007fb0601ea020 VMThread "VM Thread" [stack: 0x00007fb001458000,0x00007fb001558000] [id=1791405]
  0x00007fb060204480 WatcherThread [stack: 0x00007fb000a57000,0x00007fb000b57000] [id=1791415]
  0x00007fb06005a160 GCTaskThread "GC Thread#0" [stack: 0x00007fb066c00000,0x00007fb066d00000] [id=1791400]
  0x00007fb06006a760 ConcurrentGCThread "G1 Main Marker" [stack: 0x00007fb066aff000,0x00007fb066bff000] [id=1791401]
  0x00007fb06006b6e0 ConcurrentGCThread "G1 Conc#0" [stack: 0x00007fb0669fe000,0x00007fb066afe000] [id=1791402]
  0x00007fb0601b6f10 ConcurrentGCThread "G1 Refine#0" [stack: 0x00007fb00172b000,0x00007fb00182b000] [id=1791403]
  0x00007fb0601b7e10 ConcurrentGCThread "G1 Service" [stack: 0x00007fb00162a000,0x00007fb00172a000] [id=1791404]

Threads with active compile tasks:
C2 CompilerThread0      403 1268   !   4       jdk.internal.loader.URLClassPath$Loader::getResource (92 bytes)
C2 CompilerThread1      403 1548   !   4       java.net.URL::<init> (543 bytes)
C2 CompilerThread2      403 1602       4       jdk.internal.loader.URLClassPath::getResource (74 bytes)
C2 CompilerThread3      403 1298       4       org.springframework.boot.loader.net.protocol.jar.Handler::openConnection (5 bytes)
C2 CompilerThread4      404 1299       4       org.springframework.boot.loader.net.protocol.jar.JarUrlConnection::open (155 bytes)

VM state: not at safepoint (normal execution)

VM Mutex/Monitor currently owned by a thread: None

Heap address: 0x0000000082000000, size: 30688 MB, Compressed Oops mode: Zero based, Oop shift amount: 3

CDS archive(s) mapped at: [0x00007fafab000000-0x00007fafabbc8000-0x00007fafabbc8000), size 12353536, SharedBaseAddress: 0x00007fafab000000, ArchiveRelocationMode: 1.
Compressed class space mapped at: 0x00007fafac000000-0x00007fafec000000, reserved size: 1073741824
Narrow klass base: 0x00007fafab000000, Narrow klass shift: 0, Narrow klass range: 0x100000000

GC Precious Log:
 CPUs: 18 total, 18 available
 Memory: 124G
 Large Page Support: Disabled
 NUMA Support: Disabled
 Compressed Oops: Enabled (Zero based)
 Heap Region Size: 16M
 Heap Min Capacity: 16M
 Heap Initial Capacity: 2000M
 Heap Max Capacity: 30688M
 Pre-touch: Disabled
 Parallel Workers: 14
 Concurrent Workers: 4
 Concurrent Refinement Workers: 14
 Periodic GC: Disabled

Heap:
 garbage-first heap   total 2080768K, used 65456K [0x0000000082000000, 0x0000000800000000)
  region size 16384K, 4 young (65536K), 0 survivors (0K)
 Metaspace       used 6740K, committed 7040K, reserved 1114112K
  class space    used 814K, committed 960K, reserved 1048576K

Heap Regions: E=young(eden), S=young(survivor), O=old, HS=humongous(starts), HC=humongous(continues), CS=collection set, F=free, OA=open archive, CA=closed archive, TAMS=top-at-mark-start (previous, next)
|   0|0x0000000082000000, 0x0000000082000000, 0x0000000083000000|  0%| F|  |TAMS 0x0000000082000000, 0x0000000082000000| Untracked 
|   1|0x0000000083000000, 0x0000000083000000, 0x0000000084000000|  0%| F|  |TAMS 0x0000000083000000, 0x0000000083000000| Untracked 
|   2|0x0000000084000000, 0x0000000084000000, 0x0000000085000000|  0%| F|  |TAMS 0x0000000084000000, 0x0000000084000000| Untracked 
|   3|0x0000000085000000, 0x0000000085000000, 0x0000000086000000|  0%| F|  |TAMS 0x0000000085000000, 0x0000000085000000| Untracked 
|   4|0x0000000086000000, 0x0000000086000000, 0x0000000087000000|  0%| F|  |TAMS 0x0000000086000000, 0x0000000086000000| Untracked 
|   5|0x0000000087000000, 0x0000000087000000, 0x0000000088000000|  0%| F|  |TAMS 0x0000000087000000, 0x0000000087000000| Untracked 
|   6|0x0000000088000000, 0x0000000088000000, 0x0000000089000000|  0%| F|  |TAMS 0x0000000088000000, 0x0000000088000000| Untracked 
|   7|0x0000000089000000, 0x0000000089000000, 0x000000008a000000|  0%| F|  |TAMS 0x0000000089000000, 0x0000000089000000| Untracked 
|   8|0x000000008a000000, 0x000000008a000000, 0x000000008b000000|  0%| F|  |TAMS 0x000000008a000000, 0x000000008a000000| Untracked 
|   9|0x000000008b000000, 0x000000008b000000, 0x000000008c000000|  0%| F|  |TAMS 0x000000008b000000, 0x000000008b000000| Untracked 
|  10|0x000000008c000000, 0x000000008c000000, 0x000000008d000000|  0%| F|  |TAMS 0x000000008c000000, 0x000000008c000000| Untracked 
|  11|0x000000008d000000, 0x000000008d000000, 0x000000008e000000|  0%| F|  |TAMS 0x000000008d000000, 0x000000008d000000| Untracked 
|  12|0x000000008e000000, 0x000000008e000000, 0x000000008f000000|  0%| F|  |TAMS 0x000000008e000000, 0x000000008e000000| Untracked 
|  13|0x000000008f000000, 0x000000008f000000, 0x0000000090000000|  0%| F|  |TAMS 0x000000008f000000, 0x000000008f000000| Untracked 
|  14|0x0000000090000000, 0x0000000090000000, 0x0000000091000000|  0%| F|  |TAMS 0x0000000090000000, 0x0000000090000000| Untracked 
|  15|0x0000000091000000, 0x0000000091000000, 0x0000000092000000|  0%| F|  |TAMS 0x0000000091000000, 0x0000000091000000| Untracked 
|  16|0x0000000092000000, 0x0000000092000000, 0x0000000093000000|  0%| F|  |TAMS 0x0000000092000000, 0x0000000092000000| Untracked 
|  17|0x0000000093000000, 0x0000000093000000, 0x0000000094000000|  0%| F|  |TAMS 0x0000000093000000, 0x0000000093000000| Untracked 
|  18|0x0000000094000000, 0x0000000094000000, 0x0000000095000000|  0%| F|  |TAMS 0x0000000094000000, 0x0000000094000000| Untracked 
|  19|0x0000000095000000, 0x0000000095000000, 0x0000000096000000|  0%| F|  |TAMS 0x0000000095000000, 0x0000000095000000| Untracked 
|  20|0x0000000096000000, 0x0000000096000000, 0x0000000097000000|  0%| F|  |TAMS 0x0000000096000000, 0x0000000096000000| Untracked 
|  21|0x0000000097000000, 0x0000000097000000, 0x0000000098000000|  0%| F|  |TAMS 0x0000000097000000, 0x0000000097000000| Untracked 
|  22|0x0000000098000000, 0x0000000098000000, 0x0000000099000000|  0%| F|  |TAMS 0x0000000098000000, 0x0000000098000000| Untracked 
|  23|0x0000000099000000, 0x0000000099000000, 0x000000009a000000|  0%| F|  |TAMS 0x0000000099000000, 0x0000000099000000| Untracked 
|  24|0x000000009a000000, 0x000000009a000000, 0x000000009b000000|  0%| F|  |TAMS 0x000000009a000000, 0x000000009a000000| Untracked 
|  25|0x000000009b000000, 0x000000009b000000, 0x000000009c000000|  0%| F|  |TAMS 0x000000009b000000, 0x000000009b000000| Untracked 
|  26|0x000000009c000000, 0x000000009c000000, 0x000000009d000000|  0%| F|  |TAMS 0x000000009c000000, 0x000000009c000000| Untracked 
|  27|0x000000009d000000, 0x000000009d000000, 0x000000009e000000|  0%| F|  |TAMS 0x000000009d000000, 0x000000009d000000| Untracked 
|  28|0x000000009e000000, 0x000000009e000000, 0x000000009f000000|  0%| F|  |TAMS 0x000000009e000000, 0x000000009e000000| Untracked 
|  29|0x000000009f000000, 0x000000009f000000, 0x00000000a0000000|  0%| F|  |TAMS 0x000000009f000000, 0x000000009f000000| Untracked 
|  30|0x00000000a0000000, 0x00000000a0000000, 0x00000000a1000000|  0%| F|  |TAMS 0x00000000a0000000, 0x00000000a0000000| Untracked 
|  31|0x00000000a1000000, 0x00000000a1000000, 0x00000000a2000000|  0%| F|  |TAMS 0x00000000a1000000, 0x00000000a1000000| Untracked 
|  32|0x00000000a2000000, 0x00000000a2000000, 0x00000000a3000000|  0%| F|  |TAMS 0x00000000a2000000, 0x00000000a2000000| Untracked 
|  33|0x00000000a3000000, 0x00000000a3000000, 0x00000000a4000000|  0%| F|  |TAMS 0x00000000a3000000, 0x00000000a3000000| Untracked 
|  34|0x00000000a4000000, 0x00000000a4000000, 0x00000000a5000000|  0%| F|  |TAMS 0x00000000a4000000, 0x00000000a4000000| Untracked 
|  35|0x00000000a5000000, 0x00000000a5000000, 0x00000000a6000000|  0%| F|  |TAMS 0x00000000a5000000, 0x00000000a5000000| Untracked 
|  36|0x00000000a6000000, 0x00000000a6000000, 0x00000000a7000000|  0%| F|  |TAMS 0x00000000a6000000, 0x00000000a6000000| Untracked 
|  37|0x00000000a7000000, 0x00000000a7000000, 0x00000000a8000000|  0%| F|  |TAMS 0x00000000a7000000, 0x00000000a7000000| Untracked 
|  38|0x00000000a8000000, 0x00000000a8000000, 0x00000000a9000000|  0%| F|  |TAMS 0x00000000a8000000, 0x00000000a8000000| Untracked 
|  39|0x00000000a9000000, 0x00000000a9000000, 0x00000000aa000000|  0%| F|  |TAMS 0x00000000a9000000, 0x00000000a9000000| Untracked 
|  40|0x00000000aa000000, 0x00000000aa000000, 0x00000000ab000000|  0%| F|  |TAMS 0x00000000aa000000, 0x00000000aa000000| Untracked 
|  41|0x00000000ab000000, 0x00000000ab000000, 0x00000000ac000000|  0%| F|  |TAMS 0x00000000ab000000, 0x00000000ab000000| Untracked 
|  42|0x00000000ac000000, 0x00000000ac000000, 0x00000000ad000000|  0%| F|  |TAMS 0x00000000ac000000, 0x00000000ac000000| Untracked 
|  43|0x00000000ad000000, 0x00000000ad000000, 0x00000000ae000000|  0%| F|  |TAMS 0x00000000ad000000, 0x00000000ad000000| Untracked 
|  44|0x00000000ae000000, 0x00000000ae000000, 0x00000000af000000|  0%| F|  |TAMS 0x00000000ae000000, 0x00000000ae000000| Untracked 
|  45|0x00000000af000000, 0x00000000af000000, 0x00000000b0000000|  0%| F|  |TAMS 0x00000000af000000, 0x00000000af000000| Untracked 
|  46|0x00000000b0000000, 0x00000000b0000000, 0x00000000b1000000|  0%| F|  |TAMS 0x00000000b0000000, 0x00000000b0000000| Untracked 
|  47|0x00000000b1000000, 0x00000000b1000000, 0x00000000b2000000|  0%| F|  |TAMS 0x00000000b1000000, 0x00000000b1000000| Untracked 
|  48|0x00000000b2000000, 0x00000000b2000000, 0x00000000b3000000|  0%| F|  |TAMS 0x00000000b2000000, 0x00000000b2000000| Untracked 
|  49|0x00000000b3000000, 0x00000000b3000000, 0x00000000b4000000|  0%| F|  |TAMS 0x00000000b3000000, 0x00000000b3000000| Untracked 
|  50|0x00000000b4000000, 0x00000000b4000000, 0x00000000b5000000|  0%| F|  |TAMS 0x00000000b4000000, 0x00000000b4000000| Untracked 
|  51|0x00000000b5000000, 0x00000000b5000000, 0x00000000b6000000|  0%| F|  |TAMS 0x00000000b5000000, 0x00000000b5000000| Untracked 
|  52|0x00000000b6000000, 0x00000000b6000000, 0x00000000b7000000|  0%| F|  |TAMS 0x00000000b6000000, 0x00000000b6000000| Untracked 
|  53|0x00000000b7000000, 0x00000000b7000000, 0x00000000b8000000|  0%| F|  |TAMS 0x00000000b7000000, 0x00000000b7000000| Untracked 
|  54|0x00000000b8000000, 0x00000000b8000000, 0x00000000b9000000|  0%| F|  |TAMS 0x00000000b8000000, 0x00000000b8000000| Untracked 
|  55|0x00000000b9000000, 0x00000000b9000000, 0x00000000ba000000|  0%| F|  |TAMS 0x00000000b9000000, 0x00000000b9000000| Untracked 
|  56|0x00000000ba000000, 0x00000000ba000000, 0x00000000bb000000|  0%| F|  |TAMS 0x00000000ba000000, 0x00000000ba000000| Untracked 
|  57|0x00000000bb000000, 0x00000000bb000000, 0x00000000bc000000|  0%| F|  |TAMS 0x00000000bb000000, 0x00000000bb000000| Untracked 
|  58|0x00000000bc000000, 0x00000000bc000000, 0x00000000bd000000|  0%| F|  |TAMS 0x00000000bc000000, 0x00000000bc000000| Untracked 
|  59|0x00000000bd000000, 0x00000000bd000000, 0x00000000be000000|  0%| F|  |TAMS 0x00000000bd000000, 0x00000000bd000000| Untracked 
|  60|0x00000000be000000, 0x00000000be000000, 0x00000000bf000000|  0%| F|  |TAMS 0x00000000be000000, 0x00000000be000000| Untracked 
|  61|0x00000000bf000000, 0x00000000bf000000, 0x00000000c0000000|  0%| F|  |TAMS 0x00000000bf000000, 0x00000000bf000000| Untracked 
|  62|0x00000000c0000000, 0x00000000c0000000, 0x00000000c1000000|  0%| F|  |TAMS 0x00000000c0000000, 0x00000000c0000000| Untracked 
|  63|0x00000000c1000000, 0x00000000c1000000, 0x00000000c2000000|  0%| F|  |TAMS 0x00000000c1000000, 0x00000000c1000000| Untracked 
|  64|0x00000000c2000000, 0x00000000c2000000, 0x00000000c3000000|  0%| F|  |TAMS 0x00000000c2000000, 0x00000000c2000000| Untracked 
|  65|0x00000000c3000000, 0x00000000c3000000, 0x00000000c4000000|  0%| F|  |TAMS 0x00000000c3000000, 0x00000000c3000000| Untracked 
|  66|0x00000000c4000000, 0x00000000c4000000, 0x00000000c5000000|  0%| F|  |TAMS 0x00000000c4000000, 0x00000000c4000000| Untracked 
|  67|0x00000000c5000000, 0x00000000c5000000, 0x00000000c6000000|  0%| F|  |TAMS 0x00000000c5000000, 0x00000000c5000000| Untracked 
|  68|0x00000000c6000000, 0x00000000c6000000, 0x00000000c7000000|  0%| F|  |TAMS 0x00000000c6000000, 0x00000000c6000000| Untracked 
|  69|0x00000000c7000000, 0x00000000c7000000, 0x00000000c8000000|  0%| F|  |TAMS 0x00000000c7000000, 0x00000000c7000000| Untracked 
|  70|0x00000000c8000000, 0x00000000c8000000, 0x00000000c9000000|  0%| F|  |TAMS 0x00000000c8000000, 0x00000000c8000000| Untracked 
|  71|0x00000000c9000000, 0x00000000c9000000, 0x00000000ca000000|  0%| F|  |TAMS 0x00000000c9000000, 0x00000000c9000000| Untracked 
|  72|0x00000000ca000000, 0x00000000ca000000, 0x00000000cb000000|  0%| F|  |TAMS 0x00000000ca000000, 0x00000000ca000000| Untracked 
|  73|0x00000000cb000000, 0x00000000cb000000, 0x00000000cc000000|  0%| F|  |TAMS 0x00000000cb000000, 0x00000000cb000000| Untracked 
|  74|0x00000000cc000000, 0x00000000cc000000, 0x00000000cd000000|  0%| F|  |TAMS 0x00000000cc000000, 0x00000000cc000000| Untracked 
|  75|0x00000000cd000000, 0x00000000cd000000, 0x00000000ce000000|  0%| F|  |TAMS 0x00000000cd000000, 0x00000000cd000000| Untracked 
|  76|0x00000000ce000000, 0x00000000ce000000, 0x00000000cf000000|  0%| F|  |TAMS 0x00000000ce000000, 0x00000000ce000000| Untracked 
|  77|0x00000000cf000000, 0x00000000cf000000, 0x00000000d0000000|  0%| F|  |TAMS 0x00000000cf000000, 0x00000000cf000000| Untracked 
|  78|0x00000000d0000000, 0x00000000d0000000, 0x00000000d1000000|  0%| F|  |TAMS 0x00000000d0000000, 0x00000000d0000000| Untracked 
|  79|0x00000000d1000000, 0x00000000d1000000, 0x00000000d2000000|  0%| F|  |TAMS 0x00000000d1000000, 0x00000000d1000000| Untracked 
|  80|0x00000000d2000000, 0x00000000d2000000, 0x00000000d3000000|  0%| F|  |TAMS 0x00000000d2000000, 0x00000000d2000000| Untracked 
|  81|0x00000000d3000000, 0x00000000d3000000, 0x00000000d4000000|  0%| F|  |TAMS 0x00000000d3000000, 0x00000000d3000000| Untracked 
|  82|0x00000000d4000000, 0x00000000d4000000, 0x00000000d5000000|  0%| F|  |TAMS 0x00000000d4000000, 0x00000000d4000000| Untracked 
|  83|0x00000000d5000000, 0x00000000d5000000, 0x00000000d6000000|  0%| F|  |TAMS 0x00000000d5000000, 0x00000000d5000000| Untracked 
|  84|0x00000000d6000000, 0x00000000d6000000, 0x00000000d7000000|  0%| F|  |TAMS 0x00000000d6000000, 0x00000000d6000000| Untracked 
|  85|0x00000000d7000000, 0x00000000d7000000, 0x00000000d8000000|  0%| F|  |TAMS 0x00000000d7000000, 0x00000000d7000000| Untracked 
|  86|0x00000000d8000000, 0x00000000d8000000, 0x00000000d9000000|  0%| F|  |TAMS 0x00000000d8000000, 0x00000000d8000000| Untracked 
|  87|0x00000000d9000000, 0x00000000d9000000, 0x00000000da000000|  0%| F|  |TAMS 0x00000000d9000000, 0x00000000d9000000| Untracked 
|  88|0x00000000da000000, 0x00000000da000000, 0x00000000db000000|  0%| F|  |TAMS 0x00000000da000000, 0x00000000da000000| Untracked 
|  89|0x00000000db000000, 0x00000000db000000, 0x00000000dc000000|  0%| F|  |TAMS 0x00000000db000000, 0x00000000db000000| Untracked 
|  90|0x00000000dc000000, 0x00000000dc000000, 0x00000000dd000000|  0%| F|  |TAMS 0x00000000dc000000, 0x00000000dc000000| Untracked 
|  91|0x00000000dd000000, 0x00000000dd000000, 0x00000000de000000|  0%| F|  |TAMS 0x00000000dd000000, 0x00000000dd000000| Untracked 
|  92|0x00000000de000000, 0x00000000de000000, 0x00000000df000000|  0%| F|  |TAMS 0x00000000de000000, 0x00000000de000000| Untracked 
|  93|0x00000000df000000, 0x00000000df000000, 0x00000000e0000000|  0%| F|  |TAMS 0x00000000df000000, 0x00000000df000000| Untracked 
|  94|0x00000000e0000000, 0x00000000e0000000, 0x00000000e1000000|  0%| F|  |TAMS 0x00000000e0000000, 0x00000000e0000000| Untracked 
|  95|0x00000000e1000000, 0x00000000e1000000, 0x00000000e2000000|  0%| F|  |TAMS 0x00000000e1000000, 0x00000000e1000000| Untracked 
|  96|0x00000000e2000000, 0x00000000e2000000, 0x00000000e3000000|  0%| F|  |TAMS 0x00000000e2000000, 0x00000000e2000000| Untracked 
|  97|0x00000000e3000000, 0x00000000e3000000, 0x00000000e4000000|  0%| F|  |TAMS 0x00000000e3000000, 0x00000000e3000000| Untracked 
|  98|0x00000000e4000000, 0x00000000e4000000, 0x00000000e5000000|  0%| F|  |TAMS 0x00000000e4000000, 0x00000000e4000000| Untracked 
|  99|0x00000000e5000000, 0x00000000e5000000, 0x00000000e6000000|  0%| F|  |TAMS 0x00000000e5000000, 0x00000000e5000000| Untracked 
| 100|0x00000000e6000000, 0x00000000e6000000, 0x00000000e7000000|  0%| F|  |TAMS 0x00000000e6000000, 0x00000000e6000000| Untracked 
| 101|0x00000000e7000000, 0x00000000e7000000, 0x00000000e8000000|  0%| F|  |TAMS 0x00000000e7000000, 0x00000000e7000000| Untracked 
| 102|0x00000000e8000000, 0x00000000e8000000, 0x00000000e9000000|  0%| F|  |TAMS 0x00000000e8000000, 0x00000000e8000000| Untracked 
| 103|0x00000000e9000000, 0x00000000e9000000, 0x00000000ea000000|  0%| F|  |TAMS 0x00000000e9000000, 0x00000000e9000000| Untracked 
| 104|0x00000000ea000000, 0x00000000ea000000, 0x00000000eb000000|  0%| F|  |TAMS 0x00000000ea000000, 0x00000000ea000000| Untracked 
| 105|0x00000000eb000000, 0x00000000eb000000, 0x00000000ec000000|  0%| F|  |TAMS 0x00000000eb000000, 0x00000000eb000000| Untracked 
| 106|0x00000000ec000000, 0x00000000ec000000, 0x00000000ed000000|  0%| F|  |TAMS 0x00000000ec000000, 0x00000000ec000000| Untracked 
| 107|0x00000000ed000000, 0x00000000ed000000, 0x00000000ee000000|  0%| F|  |TAMS 0x00000000ed000000, 0x00000000ed000000| Untracked 
| 108|0x00000000ee000000, 0x00000000ee000000, 0x00000000ef000000|  0%| F|  |TAMS 0x00000000ee000000, 0x00000000ee000000| Untracked 
| 109|0x00000000ef000000, 0x00000000ef000000, 0x00000000f0000000|  0%| F|  |TAMS 0x00000000ef000000, 0x00000000ef000000| Untracked 
| 110|0x00000000f0000000, 0x00000000f0000000, 0x00000000f1000000|  0%| F|  |TAMS 0x00000000f0000000, 0x00000000f0000000| Untracked 
| 111|0x00000000f1000000, 0x00000000f1000000, 0x00000000f2000000|  0%| F|  |TAMS 0x00000000f1000000, 0x00000000f1000000| Untracked 
| 112|0x00000000f2000000, 0x00000000f2000000, 0x00000000f3000000|  0%| F|  |TAMS 0x00000000f2000000, 0x00000000f2000000| Untracked 
| 113|0x00000000f3000000, 0x00000000f3000000, 0x00000000f4000000|  0%| F|  |TAMS 0x00000000f3000000, 0x00000000f3000000| Untracked 
| 114|0x00000000f4000000, 0x00000000f4000000, 0x00000000f5000000|  0%| F|  |TAMS 0x00000000f4000000, 0x00000000f4000000| Untracked 
| 115|0x00000000f5000000, 0x00000000f5000000, 0x00000000f6000000|  0%| F|  |TAMS 0x00000000f5000000, 0x00000000f5000000| Untracked 
| 116|0x00000000f6000000, 0x00000000f6000000, 0x00000000f7000000|  0%| F|  |TAMS 0x00000000f6000000, 0x00000000f6000000| Untracked 
| 117|0x00000000f7000000, 0x00000000f7000000, 0x00000000f8000000|  0%| F|  |TAMS 0x00000000f7000000, 0x00000000f7000000| Untracked 
| 118|0x00000000f8000000, 0x00000000f8000000, 0x00000000f9000000|  0%| F|  |TAMS 0x00000000f8000000, 0x00000000f8000000| Untracked 
| 119|0x00000000f9000000, 0x00000000f9000000, 0x00000000fa000000|  0%| F|  |TAMS 0x00000000f9000000, 0x00000000f9000000| Untracked 
| 120|0x00000000fa000000, 0x00000000fa000000, 0x00000000fb000000|  0%| F|  |TAMS 0x00000000fa000000, 0x00000000fa000000| Untracked 
| 121|0x00000000fb000000, 0x00000000fb7aef28, 0x00000000fc000000| 48%| E|  |TAMS 0x00000000fb000000, 0x00000000fb000000| Complete 
| 122|0x00000000fc000000, 0x00000000fd000000, 0x00000000fd000000|100%| E|CS|TAMS 0x00000000fc000000, 0x00000000fc000000| Complete 
| 123|0x00000000fd000000, 0x00000000fe000000, 0x00000000fe000000|100%| E|CS|TAMS 0x00000000fd000000, 0x00000000fd000000| Complete 
| 124|0x00000000fe000000, 0x00000000ff000000, 0x00000000ff000000|100%| E|CS|TAMS 0x00000000fe000000, 0x00000000fe000000| Complete 
|1916|0x00000007fe000000, 0x00000007fef75000, 0x00000007ff000000| 96%|OA|  |TAMS 0x00000007fe000000, 0x00000007fe000000| Untracked 
|1917|0x00000007ff000000, 0x00000007ff077000, 0x0000000800000000|  2%|CA|  |TAMS 0x00000007ff000000, 0x00000007ff000000| Untracked 

Card table byte_map: [0x00007fb041820000,0x00007fb045410000] _byte_map_base: 0x00007fb041410000

Marking Bits (Prev, Next): (CMBitMap*) 0x00007fb06005abf0, (CMBitMap*) 0x00007fb06005ac30
 Prev Bits: [0x00007fb01fcb0000, 0x00007fb03dc30000)
 Next Bits: [0x00007fb001d30000, 0x00007fb01fcb0000)

Polling page: 0x00007fb069783000

Metaspace:

Usage:
  Non-class:      5.81 MB used.
      Class:    816.91 KB used.
       Both:      6.60 MB used.

Virtual space:
  Non-class space:       64.00 MB reserved,       5.94 MB (  9%) committed,  1 nodes.
      Class space:        1.00 GB reserved,     960.00 KB ( <1%) committed,  1 nodes.
             Both:        1.06 GB reserved,       6.88 MB ( <1%) committed. 

Chunk freelists:
   Non-Class:  8.81 MB
       Class:  14.91 MB
        Both:  23.72 MB

MaxMetaspaceSize: unlimited
CompressedClassSpaceSize: 1.00 GB
Initial GC threshold: 21.00 MB
Current GC threshold: 21.00 MB
CDS: on
MetaspaceReclaimPolicy: balanced
 - commit_granule_bytes: 65536.
 - commit_granule_words: 8192.
 - virtual_space_node_default_size: 8388608.
 - enlarge_chunks_in_place: 1.
 - new_chunks_are_fully_committed: 0.
 - uncommit_free_chunks: 1.
 - use_allocation_guard: 0.
 - handle_deallocations: 1.


Internal statistics:

num_allocs_failed_limit: 0.
num_arena_births: 208.
num_arena_deaths: 0.
num_vsnodes_births: 2.
num_vsnodes_deaths: 0.
num_space_committed: 110.
num_space_uncommitted: 0.
num_chunks_returned_to_freelist: 0.
num_chunks_taken_from_freelist: 432.
num_chunk_merges: 0.
num_chunk_splits: 269.
num_chunks_enlarged: 162.
num_inconsistent_stats: 0.

CodeHeap 'non-profiled nmethods': size=119168Kb used=873Kb max_used=873Kb free=118294Kb
 bounds [0x00007fb050ba0000, 0x00007fb050e10000, 0x00007fb058000000]
CodeHeap 'profiled nmethods': size=119164Kb used=2874Kb max_used=2874Kb free=116289Kb
 bounds [0x00007fb049000000, 0x00007fb0492d0000, 0x00007fb05045f000]
CodeHeap 'non-nmethods': size=7428Kb used=2847Kb max_used=2913Kb free=4580Kb
 bounds [0x00007fb05045f000, 0x00007fb05073f000, 0x00007fb050ba0000]
 total_blobs=2104 nmethods=1661 adapters=354
 compilation: enabled
              stopped_count=0, restarted_count=0
 full_count=0

Compilation events (20 events):
Event: 0.359 Thread 0x00007faf5c0ae300 1556       1       sun.reflect.generics.tree.SimpleClassTypeSignature::getDollar (5 bytes)
Event: 0.359 Thread 0x00007faf5c0ae300 nmethod 1556 0x00007fb050c6e310 code [0x00007fb050c6e4a0, 0x00007fb050c6e570]
Event: 0.359 Thread 0x00007faf5c0ad140 nmethod 1555 0x00007fb050c6e610 code [0x00007fb050c6e7a0, 0x00007fb050c6e870]
Event: 0.361 Thread 0x00007faf4c001c80 nmethod 1536 0x00007fb050c6e910 code [0x00007fb050c6eb80, 0x00007fb050c709f0]
Event: 0.361 Thread 0x00007faf4c001c80 1540       4       org.springframework.boot.loader.net.protocol.jar.Canonicalizer::canonicalizeAfter (73 bytes)
Event: 0.361 Thread 0x00007faf7407d9d0 1558       3       java.lang.invoke.VarHandle::checkExactAccessMode (28 bytes)
Event: 0.361 Thread 0x00007fb0601fa0b0 1559       3       java.lang.invoke.VarForm::getMemberName (31 bytes)
Event: 0.362 Thread 0x00007fb0601fa0b0 nmethod 1559 0x00007fb049298090 code [0x00007fb049298260, 0x00007fb049298510]
Event: 0.362 Thread 0x00007faf7407d9d0 nmethod 1558 0x00007fb049298690 code [0x00007fb0492988e0, 0x00007fb0492992b0]
Event: 0.362 Thread 0x00007faf5c0ad140 1560       3       sun.reflect.generics.parser.SignatureParser::mark (9 bytes)
Event: 0.362 Thread 0x00007fb0601fa0b0 1561       3       sun.reflect.generics.parser.SignatureParser::markToCurrent (16 bytes)
Event: 0.362 Thread 0x00007faf5c0ad140 nmethod 1560 0x00007fb049299690 code [0x00007fb049299820, 0x00007fb049299930]
Event: 0.362 Thread 0x00007fb0601fa0b0 nmethod 1561 0x00007fb049299990 code [0x00007fb049299b40, 0x00007fb049299c80]
Event: 0.363 Thread 0x00007fb0601fa0b0 1563       3       java.util.RegularEnumSet::add (9 bytes)
Event: 0.363 Thread 0x00007faf5c0ad140 1564       3       java.util.RegularEnumSet::add (40 bytes)
Event: 0.363 Thread 0x00007faf7407d9d0 1565       3       java.util.EnumSet::typeCheck (59 bytes)
Event: 0.363 Thread 0x00007fb0601fa0b0 nmethod 1563 0x00007fb049299d90 code [0x00007fb049299f40, 0x00007fb04929a180]
Event: 0.363 Thread 0x00007faf4c001c80 nmethod 1540 0x00007fb050c71f10 code [0x00007fb050c720a0, 0x00007fb050c72398]
Event: 0.363 Thread 0x00007faf5c0ad140 nmethod 1564 0x00007fb04929a290 code [0x00007fb04929a440, 0x00007fb04929a620]
Event: 0.363 Thread 0x00007faf4c001c80 1551       4       sun.reflect.generics.parser.SignatureParser::current (59 bytes)

GC Heap History (0 events):
No events

Dll operation events (7 events):
Event: 0.001 Loaded shared library /usr/lib/jvm/java-17-openjdk-17.0.9.0.9-2.el9.x86_64/lib/libjava.so
Event: 0.011 Loaded shared library /usr/lib/jvm/java-17-openjdk-17.0.9.0.9-2.el9.x86_64/lib/libjsvml.so
Event: 0.016 Loaded shared library /usr/lib/jvm/java-17-openjdk-17.0.9.0.9-2.el9.x86_64/lib/libnio.so
Event: 0.018 Loaded shared library /usr/lib/jvm/java-17-openjdk-17.0.9.0.9-2.el9.x86_64/lib/libzip.so
Event: 0.041 Loaded shared library /usr/lib/jvm/java-17-openjdk-17.0.9.0.9-2.el9.x86_64/lib/libjimage.so
Event: 0.070 Loaded shared library /usr/lib/jvm/java-17-openjdk-17.0.9.0.9-2.el9.x86_64/lib/libnet.so
Event: 0.092 Loaded shared library /usr/lib/jvm/java-17-openjdk-17.0.9.0.9-2.el9.x86_64/lib/libsystemconf.so

Deoptimization events (20 events):
Event: 0.316 Thread 0x00007fb060024cb0 Uncommon trap: trap_request=0xffffffde fr.pc=0x00007fb050c645b0 relative=0x0000000000000b30
Event: 0.316 Thread 0x00007fb060024cb0 Uncommon trap: reason=class_check action=maybe_recompile pc=0x00007fb050c645b0 method=java.util.HashMap.putVal(ILjava/lang/Object;Ljava/lang/Object;ZZ)Ljava/lang/Object; @ 253 c2
Event: 0.316 Thread 0x00007fb060024cb0 DEOPT PACKING pc=0x00007fb050c645b0 sp=0x00007fb067ffc410
Event: 0.316 Thread 0x00007fb060024cb0 DEOPT UNPACKING pc=0x00007fb0504b8b19 sp=0x00007fb067ffc3c0 mode 2
Event: 0.316 Thread 0x00007fb060024cb0 Uncommon trap: trap_request=0xffffffde fr.pc=0x00007fb050c645b0 relative=0x0000000000000b30
Event: 0.316 Thread 0x00007fb060024cb0 Uncommon trap: reason=class_check action=maybe_recompile pc=0x00007fb050c645b0 method=java.util.HashMap.putVal(ILjava/lang/Object;Ljava/lang/Object;ZZ)Ljava/lang/Object; @ 253 c2
Event: 0.316 Thread 0x00007fb060024cb0 DEOPT PACKING pc=0x00007fb050c645b0 sp=0x00007fb067ffc410
Event: 0.316 Thread 0x00007fb060024cb0 DEOPT UNPACKING pc=0x00007fb0504b8b19 sp=0x00007fb067ffc3c0 mode 2
Event: 0.320 Thread 0x00007fb060024cb0 Uncommon trap: trap_request=0xffffff45 fr.pc=0x00007fb050c64eac relative=0x000000000000142c
Event: 0.320 Thread 0x00007fb060024cb0 Uncommon trap: reason=unstable_if action=reinterpret pc=0x00007fb050c64eac method=java.util.HashMap.putVal(ILjava/lang/Object;Ljava/lang/Object;ZZ)Ljava/lang/Object; @ 181 c2
Event: 0.320 Thread 0x00007fb060024cb0 DEOPT PACKING pc=0x00007fb050c64eac sp=0x00007fb067ffce10
Event: 0.320 Thread 0x00007fb060024cb0 DEOPT UNPACKING pc=0x00007fb0504b8b19 sp=0x00007fb067ffcdf0 mode 2
Event: 0.326 Thread 0x00007fb060024cb0 Uncommon trap: trap_request=0xffffffde fr.pc=0x00007fb050c02e40 relative=0x0000000000000300
Event: 0.326 Thread 0x00007fb060024cb0 Uncommon trap: reason=class_check action=maybe_recompile pc=0x00007fb050c02e40 method=java.util.HashMap.getNode(Ljava/lang/Object;)Ljava/util/HashMap$Node; @ 128 c2
Event: 0.326 Thread 0x00007fb060024cb0 DEOPT PACKING pc=0x00007fb050c02e40 sp=0x00007fb067ffd840
Event: 0.326 Thread 0x00007fb060024cb0 DEOPT UNPACKING pc=0x00007fb0504b8b19 sp=0x00007fb067ffd7d8 mode 2
Event: 0.331 Thread 0x00007fb060024cb0 Uncommon trap: trap_request=0xffffff45 fr.pc=0x00007fb050c244f4 relative=0x0000000000003974
Event: 0.331 Thread 0x00007fb060024cb0 Uncommon trap: reason=unstable_if action=reinterpret pc=0x00007fb050c244f4 method=java.net.URL.<init>(Ljava/net/URL;Ljava/lang/String;Ljava/net/URLStreamHandler;)V @ 156 c2
Event: 0.331 Thread 0x00007fb060024cb0 DEOPT PACKING pc=0x00007fb050c244f4 sp=0x00007fb067ffc0d0
Event: 0.331 Thread 0x00007fb060024cb0 DEOPT UNPACKING pc=0x00007fb0504b8b19 sp=0x00007fb067ffc088 mode 2

Classes unloaded (0 events):
No events

Classes redefined (0 events):
No events

Internal exceptions (20 events):
Event: 0.085 Thread 0x00007fb060024cb0 Exception <a 'java/lang/NoSuchMethodError'{0x00000000fe790ae0}: 'java.lang.Object java.lang.invoke.DirectMethodHandle$Holder.invokeSpecial(java.lang.Object, java.lang.Object, int, java.lang.Object, java.lang.Object)'> (0x00000000fe790ae0) 
thrown [src/hotspot/share/interpreter/linkResolver.cpp, line 758]
Event: 0.085 Thread 0x00007fb060024cb0 Exception <a 'java/lang/NoSuchMethodError'{0x00000000fe7946d0}: 'java.lang.Object java.lang.invoke.DelegatingMethodHandle$Holder.delegate(java.lang.Object, int, java.lang.Object, java.lang.Object)'> (0x00000000fe7946d0) 
thrown [src/hotspot/share/interpreter/linkResolver.cpp, line 758]
Event: 0.086 Thread 0x00007fb060024cb0 Exception <a 'java/lang/NoSuchMethodError'{0x00000000fe7a52a8}: 'int java.lang.invoke.Invokers$Holder.linkToTargetMethod(java.lang.Object, java.lang.Object, java.lang.Object)'> (0x00000000fe7a52a8) 
thrown [src/hotspot/share/interpreter/linkResolver.cpp, line 758]
Event: 0.089 Thread 0x00007fb060024cb0 Exception <a 'java/lang/NoSuchMethodError'{0x00000000feba30e8}: 'void java.lang.invoke.DirectMethodHandle$Holder.invokeSpecial(java.lang.Object, java.lang.Object, java.lang.Object, java.lang.Object, java.lang.Object)'> (0x00000000feba30e8) 
thrown [src/hotspot/share/interpreter/linkResolver.cpp, line 758]
Event: 0.098 Thread 0x00007fb060024cb0 Exception <a 'java/lang/NoSuchMethodError'{0x00000000fec10ff8}: 'java.lang.Object java.lang.invoke.DirectMethodHandle$Holder.invokeStaticInit(java.lang.Object, int)'> (0x00000000fec10ff8) 
thrown [src/hotspot/share/interpreter/linkResolver.cpp, line 758]
Event: 0.170 Thread 0x00007fb060024cb0 Exception <a 'java/lang/NoSuchMethodError'{0x00000000fd90cec0}: 'void java.lang.invoke.DirectMethodHandle$Holder.invokeVirtual(java.lang.Object, java.lang.Object)'> (0x00000000fd90cec0) 
thrown [src/hotspot/share/interpreter/linkResolver.cpp, line 758]
Event: 0.198 Thread 0x00007fb060024cb0 Exception <a 'java/lang/ClassNotFoundException'{0x00000000fdd2a0d0}: javax/smartcardio/CardPermission> (0x00000000fdd2a0d0) 
thrown [src/hotspot/share/classfile/systemDictionary.cpp, line 256]
Event: 0.199 Thread 0x00007fb060024cb0 Exception <a 'java/io/FileNotFoundException'{0x00000000fdd37668}> (0x00000000fdd37668) 
thrown [src/hotspot/share/prims/jni.cpp, line 516]
Event: 0.208 Thread 0x00007fb060024cb0 Exception <a 'java/lang/NoSuchMethodError'{0x00000000fde0beb8}: 'java.lang.Object java.lang.invoke.DirectMethodHandle$Holder.invokeSpecial(java.lang.Object, java.lang.Object, java.lang.Object, long, java.lang.Object)'> (0x00000000fde0beb8) 
thrown [src/hotspot/share/interpreter/linkResolver.cpp, line 758]
Event: 0.208 Thread 0x00007fb060024cb0 Exception <a 'java/lang/NoSuchMethodError'{0x00000000fde0fa88}: 'java.lang.Object java.lang.invoke.Invokers$Holder.linkToTargetMethod(java.lang.Object, long, java.lang.Object, java.lang.Object)'> (0x00000000fde0fa88) 
thrown [src/hotspot/share/interpreter/linkResolver.cpp, line 758]
Event: 0.243 Thread 0x00007fb060024cb0 Exception <a 'java/lang/NoSuchMethodError'{0x00000000fc2a2ea0}: 'void java.lang.invoke.DirectMethodHandle$Holder.invokeStatic(java.lang.Object, java.lang.Object, java.lang.Object, java.lang.Object)'> (0x00000000fc2a2ea0) 
thrown [src/hotspot/share/interpreter/linkResolver.cpp, line 758]
Event: 0.260 Thread 0x00007fb060024cb0 Exception <a 'java/lang/NoSuchMethodError'{0x00000000fc4b5888}: 'void java.lang.invoke.DirectMethodHandle$Holder.invokeInterface(java.lang.Object, java.lang.Object, java.lang.Object, java.lang.Object)'> (0x00000000fc4b5888) 
thrown [src/hotspot/share/interpreter/linkResolver.cpp, line 758]
Event: 0.291 Thread 0x00007fb060024cb0 Exception <a 'java/lang/NoSuchMethodError'{0x00000000fc7f49e8}: 'java.lang.Object java.lang.invoke.DirectMethodHandle$Holder.invokeInterface(java.lang.Object, java.lang.Object)'> (0x00000000fc7f49e8) 
thrown [src/hotspot/share/interpreter/linkResolver.cpp, line 758]
Event: 0.294 Thread 0x00007fb060024cb0 Exception <a 'java/lang/NoSuchMethodError'{0x00000000fc8609e8}: 'void java.lang.invoke.DirectMethodHandle$Holder.invokeStatic(java.lang.Object, java.lang.Object, java.lang.Object)'> (0x00000000fc8609e8) 
thrown [src/hotspot/share/interpreter/linkResolver.cpp, line 758]
Event: 0.295 Thread 0x00007fb060024cb0 Exception <a 'java/lang/NoSuchMethodError'{0x00000000fc8832d8}: 'java.lang.Object java.lang.invoke.DirectMethodHandle$Holder.invokeSpecialIFC(java.lang.Object, java.lang.Object, java.lang.Object, java.lang.Object)'> (0x00000000fc8832d8) 
thrown [src/hotspot/share/interpreter/linkResolver.cpp, line 758]
Event: 0.296 Thread 0x00007fb060024cb0 Exception <a 'java/lang/NoSuchMethodError'{0x00000000fc8afca8}: 'java.lang.Object java.lang.invoke.DirectMethodHandle$Holder.invokeInterface(java.lang.Object, java.lang.Object, java.lang.Object)'> (0x00000000fc8afca8) 
thrown [src/hotspot/share/interpreter/linkResolver.cpp, line 758]
Event: 0.312 Thread 0x00007fb060024cb0 Exception <a 'java/lang/NoSuchMethodError'{0x00000000fcc85fa8}: 'java.lang.Object java.lang.invoke.DirectMethodHandle$Holder.newInvokeSpecial(java.lang.Object, java.lang.Object, java.lang.Object, java.lang.Object, java.lang.Object)'> (0x00000000fcc85fa8) 
thrown [src/hotspot/share/interpreter/linkResolver.cpp, line 758]
Event: 0.316 Thread 0x00007fb060024cb0 Exception <a 'java/lang/NoSuchMethodError'{0x00000000fcce8850}: 'java.lang.Object java.lang.invoke.DirectMethodHandle$Holder.invokeStaticInit(java.lang.Object, java.lang.Object, java.lang.Object)'> (0x00000000fcce8850) 
thrown [src/hotspot/share/interpreter/linkResolver.cpp, line 758]
Event: 0.326 Thread 0x00007fb060024cb0 Exception <a 'java/lang/IncompatibleClassChangeError'{0x00000000fcddc928}: Found class java.lang.Object, but interface was expected> (0x00000000fcddc928) 
thrown [src/hotspot/share/interpreter/linkResolver.cpp, line 826]
Event: 0.334 Thread 0x00007fb060024cb0 Exception <a 'sun/nio/fs/UnixException'{0x00000000fced1868}> (0x00000000fced1868) 
thrown [src/hotspot/share/prims/jni.cpp, line 516]

VM Operations (10 events):
Event: 0.051 Executing VM operation: HandshakeAllThreads
Event: 0.052 Executing VM operation: HandshakeAllThreads done
Event: 0.097 Executing VM operation: HandshakeAllThreads
Event: 0.097 Executing VM operation: HandshakeAllThreads done
Event: 0.167 Executing VM operation: HandshakeAllThreads
Event: 0.167 Executing VM operation: HandshakeAllThreads done
Event: 0.179 Executing VM operation: ICBufferFull
Event: 0.179 Executing VM operation: ICBufferFull done
Event: 0.236 Executing VM operation: HandshakeAllThreads
Event: 0.236 Executing VM operation: HandshakeAllThreads done

Events (20 events):
Event: 0.341 loading class java/util/concurrent/ConcurrentLinkedDeque$Node
Event: 0.341 loading class java/util/concurrent/ConcurrentLinkedDeque$Node done
Event: 0.343 loading class sun/reflect/generics/tree/BottomSignature
Event: 0.344 loading class sun/reflect/generics/tree/BottomSignature done
Event: 0.344 loading class sun/reflect/generics/tree/Wildcard
Event: 0.344 loading class sun/reflect/generics/tree/Wildcard done
Event: 0.344 loading class sun/reflect/generics/reflectiveObjects/WildcardTypeImpl
Event: 0.344 loading class sun/reflect/generics/reflectiveObjects/WildcardTypeImpl done
Event: 0.345 loading class java/util/Currency
Event: 0.345 loading class java/util/Currency done
Event: 0.346 loading class java/util/UUID
Event: 0.346 loading class java/util/UUID done
Event: 0.352 loading class java/time/ZonedDateTime
Event: 0.352 loading class java/time/chrono/ChronoZonedDateTime
Event: 0.352 loading class java/time/chrono/ChronoZonedDateTime done
Event: 0.352 loading class java/time/ZonedDateTime done
Event: 0.356 loading class java/text/ParseException
Event: 0.356 loading class java/text/ParseException done
Event: 0.361 loading class java/time/OffsetDateTime
Event: 0.361 loading class java/time/OffsetDateTime done


Dynamic libraries:
82000000-ff000000 rw-p 00000000 00:00 0 
ff000000-7fe000000 ---p 00000000 00:00 0 
7fe000000-7fef00000 rw-p 00000000 00:00 0 
7fef00000-7fef75000 rw-p 00c77000 08:02 167778563                        /usr/lib/jvm/java-17-openjdk-17.0.9.0.9-2.el9.x86_64/lib/server/classes.jsa
7fef75000-7ff000000 rw-p 00000000 00:00 0 
7ff000000-7ff077000 rw-p 00c00000 08:02 167778563                        /usr/lib/jvm/java-17-openjdk-17.0.9.0.9-2.el9.x86_64/lib/server/classes.jsa
7ff077000-800000000 rw-p 00000000 00:00 0 
55e044f7c000-55e044f7d000 r--p 00000000 08:02 404306742                  /usr/lib/jvm/java-17-openjdk-17.0.9.0.9-2.el9.x86_64/bin/java
55e044f7d000-55e044f7e000 r-xp 00001000 08:02 404306742                  /usr/lib/jvm/java-17-openjdk-17.0.9.0.9-2.el9.x86_64/bin/java
55e044f7e000-55e044f7f000 r--p 00002000 08:02 404306742                  /usr/lib/jvm/java-17-openjdk-17.0.9.0.9-2.el9.x86_64/bin/java
55e044f7f000-55e044f80000 r--p 00002000 08:02 404306742                  /usr/lib/jvm/java-17-openjdk-17.0.9.0.9-2.el9.x86_64/bin/java
55e044f80000-55e044f81000 rw-p 00003000 08:02 404306742                  /usr/lib/jvm/java-17-openjdk-17.0.9.0.9-2.el9.x86_64/bin/java
55e046cbd000-55e046d04000 rw-p 00000000 00:00 0                          [heap]
7faf3c000000-7faf3c354000 rw-p 00000000 00:00 0 
7faf3c354000-7faf40000000 ---p 00000000 00:00 0 
7faf44000000-7faf44da4000 rw-p 00000000 00:00 0 
7faf44da4000-7faf48000000 ---p 00000000 00:00 0 
7faf48000000-7faf48eb4000 rw-p 00000000 00:00 0 
7faf48eb4000-7faf4c000000 ---p 00000000 00:00 0 
7faf4c000000-7faf4c65e000 rw-p 00000000 00:00 0 
7faf4c65e000-7faf50000000 ---p 00000000 00:00 0 
7faf50000000-7faf50a56000 rw-p 00000000 00:00 0 
7faf50a56000-7faf54000000 ---p 00000000 00:00 0 
7faf54000000-7faf54217000 rw-p 00000000 00:00 0 
7faf54217000-7faf58000000 ---p 00000000 00:00 0 
7faf58000000-7faf58021000 rw-p 00000000 00:00 0 
7faf58021000-7faf5c000000 ---p 00000000 00:00 0 
7faf5c000000-7faf5c315000 rw-p 00000000 00:00 0 
7faf5c315000-7faf60000000 ---p 00000000 00:00 0 
7faf60000000-7faf602ae000 rw-p 00000000 00:00 0 
7faf602ae000-7faf64000000 ---p 00000000 00:00 0 
7faf64000000-7faf64021000 rw-p 00000000 00:00 0 
7faf64021000-7faf68000000 ---p 00000000 00:00 0 
7faf68000000-7faf68021000 rw-p 00000000 00:00 0 
7faf68021000-7faf6c000000 ---p 00000000 00:00 0 
7faf6c000000-7faf6c021000 rw-p 00000000 00:00 0 
7faf6c021000-7faf70000000 ---p 00000000 00:00 0 
7faf70000000-7faf70021000 rw-p 00000000 00:00 0 
7faf70021000-7faf74000000 ---p 00000000 00:00 0 
7faf74000000-7faf751a8000 rw-p 00000000 00:00 0 
7faf751a8000-7faf78000000 ---p 00000000 00:00 0 
7faf78000000-7faf783cc000 rw-p 00000000 00:00 0 
7faf783cc000-7faf7c000000 ---p 00000000 00:00 0 
7faf7c000000-7faf7c021000 rw-p 00000000 00:00 0 
7faf7c021000-7faf80000000 ---p 00000000 00:00 0 
7faf80000000-7faf80021000 rw-p 00000000 00:00 0 
7faf80021000-7faf84000000 ---p 00000000 00:00 0 
7faf84000000-7faf84021000 rw-p 00000000 00:00 0 
7faf84021000-7faf88000000 ---p 00000000 00:00 0 
7faf8aa00000-7faf97f30000 r--p 00000000 08:02 201363286                  /usr/lib/locale/locale-archive
7faf98000000-7faf98021000 rw-p 00000000 00:00 0 
7faf98021000-7faf9c000000 ---p 00000000 00:00 0 
7faf9c000000-7faf9c021000 rw-p 00000000 00:00 0 
7faf9c021000-7fafa0000000 ---p 00000000 00:00 0 
7fafa0000000-7fafa0021000 rw-p 00000000 00:00 0 
7fafa0021000-7fafa4000000 ---p 00000000 00:00 0 
7fafa6222000-7fafa6e00000 rw-p 00000000 00:00 0 
7fafa6e00000-7fafa6e04000 ---p 00000000 00:00 0 
7fafa6e04000-7fafa6f00000 rw-p 00000000 00:00 0 
7fafa6f00000-7fafa6f04000 ---p 00000000 00:00 0 
7fafa6f04000-7fafa72c0000 rw-p 00000000 00:00 0 
7fafa72c0000-7fafa7400000 ---p 00000000 00:00 0 
7fafa7400000-7fafa7730000 rw-p 00000000 00:00 0 
7fafa7730000-7fafab000000 ---p 00000000 00:00 0 
7fafab000000-7fafabbc8000 rw-p 00001000 08:02 167778563                  /usr/lib/jvm/java-17-openjdk-17.0.9.0.9-2.el9.x86_64/lib/server/classes.jsa
7fafabbc8000-7fafac000000 ---p 00000000 00:00 0 
7fafac000000-7fafac040000 rw-p 00000000 00:00 0 
7fafac040000-7fafac080000 rw-p 00000000 00:00 0 
7fafac080000-7fafac0d0000 rw-p 00000000 00:00 0 
7fafac0d0000-7fafac100000 ---p 00000000 00:00 0 
7fafac100000-7fafac120000 rw-p 00000000 00:00 0 
7fafac120000-7fafec000000 ---p 00000000 00:00 0 
7fafec000000-7fafec021000 rw-p 00000000 00:00 0 
7fafec021000-7faff0000000 ---p 00000000 00:00 0 
7faff0000000-7faff0021000 rw-p 00000000 00:00 0 
7faff0021000-7faff4000000 ---p 00000000 00:00 0 
7faff4000000-7faff4021000 rw-p 00000000 00:00 0 
7faff4021000-7faff8000000 ---p 00000000 00:00 0 
7faff8000000-7faff8021000 rw-p 00000000 00:00 0 
7faff8021000-7faffc000000 ---p 00000000 00:00 0 
7faffc000000-7faffc021000 rw-p 00000000 00:00 0 
7faffc021000-7fb000000000 ---p 00000000 00:00 0 
7fb00002b000-7fb00002f000 ---p 00000000 00:00 0 
7fb00002f000-7fb00012b000 rw-p 00000000 00:00 0 
7fb0001aa000-7fb0001b6000 r--p 00000000 08:02 335547782                  /usr/lib64/libnspr4.so
7fb0001b6000-7fb0001db000 r-xp 0000c000 08:02 335547782                  /usr/lib64/libnspr4.so
7fb0001db000-7fb0001e6000 r--p 00031000 08:02 335547782                  /usr/lib64/libnspr4.so
7fb0001e6000-7fb0001e7000 ---p 0003c000 08:02 335547782                  /usr/lib64/libnspr4.so
7fb0001e7000-7fb0001e9000 r--p 0003c000 08:02 335547782                  /usr/lib64/libnspr4.so
7fb0001e9000-7fb0001ea000 rw-p 0003e000 08:02 335547782                  /usr/lib64/libnspr4.so
7fb0001ea000-7fb0001ed000 rw-p 00000000 00:00 0 
7fb0001ed000-7fb0001fa000 r--p 00000000 08:02 335549312                  /usr/lib64/libnssutil3.so
7fb0001fa000-7fb00020c000 r-xp 0000d000 08:02 335549312                  /usr/lib64/libnssutil3.so
7fb00020c000-7fb000218000 r--p 0001f000 08:02 335549312                  /usr/lib64/libnssutil3.so
7fb000218000-7fb000219000 ---p 0002b000 08:02 335549312                  /usr/lib64/libnssutil3.so
7fb000219000-7fb000220000 r--p 0002b000 08:02 335549312                  /usr/lib64/libnssutil3.so
7fb000220000-7fb000221000 rw-p 00032000 08:02 335549312                  /usr/lib64/libnssutil3.so
7fb000221000-7fb00023a000 r--p 00000000 08:02 335554818                  /usr/lib64/libnss3.so
7fb00023a000-7fb000319000 r-xp 00019000 08:02 335554818                  /usr/lib64/libnss3.so
7fb000319000-7fb00034c000 r--p 000f8000 08:02 335554818                  /usr/lib64/libnss3.so
7fb00034c000-7fb000353000 r--p 0012a000 08:02 335554818                  /usr/lib64/libnss3.so
7fb000353000-7fb000354000 rw-p 00131000 08:02 335554818                  /usr/lib64/libnss3.so
7fb000354000-7fb000356000 rw-p 00000000 00:00 0 
7fb000356000-7fb00035a000 ---p 00000000 00:00 0 
7fb00035a000-7fb000456000 rw-p 00000000 00:00 0 
7fb000456000-7fb00045a000 ---p 00000000 00:00 0 
7fb00045a000-7fb000556000 rw-p 00000000 00:00 0 
7fb000556000-7fb00055a000 ---p 00000000 00:00 0 
7fb00055a000-7fb000656000 rw-p 00000000 00:00 0 
7fb000656000-7fb00065a000 ---p 00000000 00:00 0 
7fb00065a000-7fb000756000 rw-p 00000000 00:00 0 
7fb000756000-7fb00075a000 ---p 00000000 00:00 0 
7fb00075a000-7fb000856000 rw-p 00000000 00:00 0 
7fb000856000-7fb00085a000 ---p 00000000 00:00 0 
7fb00085a000-7fb000956000 rw-p 00000000 00:00 0 
7fb000956000-7fb00095a000 ---p 00000000 00:00 0 
7fb00095a000-7fb000a56000 rw-p 00000000 00:00 0 
7fb000a56000-7fb000a57000 ---p 00000000 00:00 0 
7fb000a57000-7fb000b57000 rw-p 00000000 00:00 0 
7fb000b57000-7fb000b5b000 ---p 00000000 00:00 0 
7fb000b5b000-7fb000c57000 rw-p 00000000 00:00 0 
7fb000c57000-7fb000c5b000 ---p 00000000 00:00 0 
7fb000c5b000-7fb000d57000 rw-p 00000000 00:00 0 
7fb000d57000-7fb000d5b000 ---p 00000000 00:00 0 
7fb000d5b000-7fb000e57000 rw-p 00000000 00:00 0 
7fb000e57000-7fb000e5b000 ---p 00000000 00:00 0 
7fb000e5b000-7fb000f57000 rw-p 00000000 00:00 0 
7fb000f57000-7fb000f5b000 ---p 00000000 00:00 0 
7fb000f5b000-7fb001057000 rw-p 00000000 00:00 0 
7fb001057000-7fb00105b000 ---p 00000000 00:00 0 
7fb00105b000-7fb001157000 rw-p 00000000 00:00 0 
7fb001157000-7fb00115b000 ---p 00000000 00:00 0 
7fb00115b000-7fb001257000 rw-p 00000000 00:00 0 
7fb001257000-7fb00125b000 ---p 00000000 00:00 0 
7fb00125b000-7fb001357000 rw-p 00000000 00:00 0 
7fb001357000-7fb00135b000 ---p 00000000 00:00 0 
7fb00135b000-7fb001457000 rw-p 00000000 00:00 0 
7fb001457000-7fb001458000 ---p 00000000 00:00 0 
7fb001458000-7fb001558000 rw-p 00000000 00:00 0 
7fb001558000-7fb00155d000 r--p 00000000 08:02 369217448                  /usr/lib/jvm/java-17-openjdk-17.0.9.0.9-2.el9.x86_64/lib/libjsvml.so
7fb00155d000-7fb00159e000 r-xp 00005000 08:02 369217448                  /usr/lib/jvm/java-17-openjdk-17.0.9.0.9-2.el9.x86_64/lib/libjsvml.so
7fb00159e000-7fb001627000 r--p 00046000 08:02 369217448                  /usr/lib/jvm/java-17-openjdk-17.0.9.0.9-2.el9.x86_64/lib/libjsvml.so
7fb001627000-7fb001628000 r--p 000ce000 08:02 369217448                  /usr/lib/jvm/java-17-openjdk-17.0.9.0.9-2.el9.x86_64/lib/libjsvml.so
7fb001628000-7fb001629000 rw-p 000cf000 08:02 369217448                  /usr/lib/jvm/java-17-openjdk-17.0.9.0.9-2.el9.x86_64/lib/libjsvml.so
7fb001629000-7fb00162a000 ---p 00000000 00:00 0 
7fb00162a000-7fb00172a000 rw-p 00000000 00:00 0 
7fb00172a000-7fb00172b000 ---p 00000000 00:00 0 
7fb00172b000-7fb003c70000 rw-p 00000000 00:00 0 
7fb003c70000-7fb01fc30000 ---p 00000000 00:00 0 
7fb01fc30000-7fb021bf0000 rw-p 00000000 00:00 0 
7fb021bf0000-7fb03dbb0000 ---p 00000000 00:00 0 
7fb03dbb0000-7fb03e018000 rw-p 00000000 00:00 0 
7fb03e018000-7fb041810000 ---p 00000000 00:00 0 
7fb041810000-7fb041c08000 rw-p 00000000 00:00 0 
7fb041c08000-7fb045400000 ---p 00000000 00:00 0 
7fb045400000-7fb0457f8000 rw-p 00000000 00:00 0 
7fb0457f8000-7fb048ff0000 ---p 00000000 00:00 0 
7fb048ff0000-7fb049000000 rw-p 00000000 00:00 0 
7fb049000000-7fb0492d0000 rwxp 00000000 00:00 0 
7fb0492d0000-7fb05045f000 ---p 00000000 00:00 0 
7fb05045f000-7fb05073f000 rwxp 00000000 00:00 0 
7fb05073f000-7fb050ba0000 ---p 00000000 00:00 0 
7fb050ba0000-7fb050e10000 rwxp 00000000 00:00 0 
7fb050e10000-7fb058000000 ---p 00000000 00:00 0 
7fb058000000-7fb05ff79000 r--s 00000000 08:02 369217464                  /usr/lib/jvm/java-17-openjdk-17.0.9.0.9-2.el9.x86_64/lib/modules
7fb05ff7f000-7fb060000000 rw-p 00000000 00:00 0 
7fb060000000-7fb060ba7000 rw-p 00000000 00:00 0 
7fb060ba7000-7fb064000000 ---p 00000000 00:00 0 
7fb064021000-7fb0640bd000 rw-p 00000000 00:00 0 
7fb0640df000-7fb0640e0000 r--p 00000000 08:02 335547785                  /usr/lib64/libplds4.so
7fb0640e0000-7fb0640e1000 r-xp 00001000 08:02 335547785                  /usr/lib64/libplds4.so
7fb0640e1000-7fb0640e2000 r--p 00002000 08:02 335547785                  /usr/lib64/libplds4.so
7fb0640e2000-7fb0640e3000 r--p 00002000 08:02 335547785                  /usr/lib64/libplds4.so
7fb0640e3000-7fb0640e4000 rw-p 00003000 08:02 335547785                  /usr/lib64/libplds4.so
7fb0640ed000-7fb0640f4000 r--s 00000000 08:02 436242291                  /usr/lib64/gconv/gconv-modules.cache
7fb0640f4000-7fb0669fd000 rw-p 00000000 00:00 0 
7fb0669fd000-7fb0669fe000 ---p 00000000 00:00 0 
7fb0669fe000-7fb066afe000 rw-p 00000000 00:00 0 
7fb066afe000-7fb066aff000 ---p 00000000 00:00 0 
7fb066aff000-7fb066bff000 rw-p 00000000 00:00 0 
7fb066bff000-7fb066c00000 ---p 00000000 00:00 0 
7fb066c00000-7fb067d33000 rw-p 00000000 00:00 0 
7fb067d33000-7fb067e17000 ---p 00000000 00:00 0 
7fb067e17000-7fb067e1d000 rw-p 00000000 00:00 0 
7fb067e1d000-7fb067f00000 ---p 00000000 00:00 0 
7fb067f00000-7fb067f04000 ---p 00000000 00:00 0 
7fb067f04000-7fb068000000 rw-p 00000000 00:00 0 
7fb068000000-7fb068253000 r--p 00000000 08:02 167778566                  /usr/lib/jvm/java-17-openjdk-17.0.9.0.9-2.el9.x86_64/lib/server/libjvm.so
7fb068253000-7fb06900a000 r-xp 00253000 08:02 167778566                  /usr/lib/jvm/java-17-openjdk-17.0.9.0.9-2.el9.x86_64/lib/server/libjvm.so
7fb06900a000-7fb06928f000 r--p 0100a000 08:02 167778566                  /usr/lib/jvm/java-17-openjdk-17.0.9.0.9-2.el9.x86_64/lib/server/libjvm.so
7fb06928f000-7fb069290000 ---p 0128f000 08:02 167778566                  /usr/lib/jvm/java-17-openjdk-17.0.9.0.9-2.el9.x86_64/lib/server/libjvm.so
7fb069290000-7fb069349000 r--p 0128f000 08:02 167778566                  /usr/lib/jvm/java-17-openjdk-17.0.9.0.9-2.el9.x86_64/lib/server/libjvm.so
7fb069349000-7fb06937e000 rw-p 01348000 08:02 167778566                  /usr/lib/jvm/java-17-openjdk-17.0.9.0.9-2.el9.x86_64/lib/server/libjvm.so
7fb06937e000-7fb0693d8000 rw-p 00000000 00:00 0 
7fb0693db000-7fb0693dd000 r--p 00000000 08:02 335547784                  /usr/lib64/libplc4.so
7fb0693dd000-7fb0693df000 r-xp 00002000 08:02 335547784                  /usr/lib64/libplc4.so
7fb0693df000-7fb0693e0000 r--p 00004000 08:02 335547784                  /usr/lib64/libplc4.so
7fb0693e0000-7fb0693e1000 r--p 00004000 08:02 335547784                  /usr/lib64/libplc4.so
7fb0693e1000-7fb0693e2000 rw-p 00005000 08:02 335547784                  /usr/lib64/libplc4.so
7fb0693e2000-7fb0693e4000 r--p 00000000 08:02 369217463                  /usr/lib/jvm/java-17-openjdk-17.0.9.0.9-2.el9.x86_64/lib/libzip.so
7fb0693e4000-7fb0693f6000 r-xp 00002000 08:02 369217463                  /usr/lib/jvm/java-17-openjdk-17.0.9.0.9-2.el9.x86_64/lib/libzip.so
7fb0693f6000-7fb0693fe000 r--p 00014000 08:02 369217463                  /usr/lib/jvm/java-17-openjdk-17.0.9.0.9-2.el9.x86_64/lib/libzip.so
7fb0693fe000-7fb0693ff000 r--p 0001b000 08:02 369217463                  /usr/lib/jvm/java-17-openjdk-17.0.9.0.9-2.el9.x86_64/lib/libzip.so
7fb0693ff000-7fb069400000 rw-p 00000000 00:00 0 
7fb069400000-7fb069428000 r--p 00000000 08:02 335545339                  /usr/lib64/libc.so.6
7fb069428000-7fb06959d000 r-xp 00028000 08:02 335545339                  /usr/lib64/libc.so.6
7fb06959d000-7fb0695f5000 r--p 0019d000 08:02 335545339                  /usr/lib64/libc.so.6
7fb0695f5000-7fb0695f6000 ---p 001f5000 08:02 335545339                  /usr/lib64/libc.so.6
7fb0695f6000-7fb0695fa000 r--p 001f5000 08:02 335545339                  /usr/lib64/libc.so.6
7fb0695fa000-7fb0695fc000 rw-p 001f9000 08:02 335545339                  /usr/lib64/libc.so.6
7fb0695fc000-7fb069609000 rw-p 00000000 00:00 0 
7fb06960d000-7fb069611000 r--p 00000000 08:02 369217454                  /usr/lib/jvm/java-17-openjdk-17.0.9.0.9-2.el9.x86_64/lib/libnet.so
7fb069611000-7fb069620000 r-xp 00004000 08:02 369217454                  /usr/lib/jvm/java-17-openjdk-17.0.9.0.9-2.el9.x86_64/lib/libnet.so
7fb069620000-7fb069624000 r--p 00013000 08:02 369217454                  /usr/lib/jvm/java-17-openjdk-17.0.9.0.9-2.el9.x86_64/lib/libnet.so
7fb069624000-7fb069625000 r--p 00016000 08:02 369217454                  /usr/lib/jvm/java-17-openjdk-17.0.9.0.9-2.el9.x86_64/lib/libnet.so
7fb069625000-7fb069626000 rw-p 00017000 08:02 369217454                  /usr/lib/jvm/java-17-openjdk-17.0.9.0.9-2.el9.x86_64/lib/libnet.so
7fb069626000-7fb06962d000 r--p 00000000 08:02 369217455                  /usr/lib/jvm/java-17-openjdk-17.0.9.0.9-2.el9.x86_64/lib/libnio.so
7fb06962d000-7fb069637000 r-xp 00007000 08:02 369217455                  /usr/lib/jvm/java-17-openjdk-17.0.9.0.9-2.el9.x86_64/lib/libnio.so
7fb069637000-7fb06963b000 r--p 00011000 08:02 369217455                  /usr/lib/jvm/java-17-openjdk-17.0.9.0.9-2.el9.x86_64/lib/libnio.so
7fb06963b000-7fb06963c000 ---p 00015000 08:02 369217455                  /usr/lib/jvm/java-17-openjdk-17.0.9.0.9-2.el9.x86_64/lib/libnio.so
7fb06963c000-7fb06963d000 r--p 00015000 08:02 369217455                  /usr/lib/jvm/java-17-openjdk-17.0.9.0.9-2.el9.x86_64/lib/libnio.so
7fb06963d000-7fb06963e000 rw-p 00016000 08:02 369217455                  /usr/lib/jvm/java-17-openjdk-17.0.9.0.9-2.el9.x86_64/lib/libnio.so
7fb06963e000-7fb069644000 rw-p 00000000 00:00 0 
7fb069644000-7fb06964d000 ---p 00000000 00:00 0 
7fb06964d000-7fb069659000 r--p 00000000 08:02 369217441                  /usr/lib/jvm/java-17-openjdk-17.0.9.0.9-2.el9.x86_64/lib/libjava.so
7fb069659000-7fb06966d000 r-xp 0000c000 08:02 369217441                  /usr/lib/jvm/java-17-openjdk-17.0.9.0.9-2.el9.x86_64/lib/libjava.so
7fb06966d000-7fb069673000 r--p 00020000 08:02 369217441                  /usr/lib/jvm/java-17-openjdk-17.0.9.0.9-2.el9.x86_64/lib/libjava.so
7fb069673000-7fb069674000 r--p 00025000 08:02 369217441                  /usr/lib/jvm/java-17-openjdk-17.0.9.0.9-2.el9.x86_64/lib/libjava.so
7fb069674000-7fb069675000 rw-p 00026000 08:02 369217441                  /usr/lib/jvm/java-17-openjdk-17.0.9.0.9-2.el9.x86_64/lib/libjava.so
7fb069675000-7fb069676000 rw-p 00000000 00:00 0 
7fb069676000-7fb06967a000 r--p 00000000 08:02 369217444                  /usr/lib/jvm/java-17-openjdk-17.0.9.0.9-2.el9.x86_64/lib/libjimage.so
7fb06967a000-7fb06968e000 r-xp 00004000 08:02 369217444                  /usr/lib/jvm/java-17-openjdk-17.0.9.0.9-2.el9.x86_64/lib/libjimage.so
7fb06968e000-7fb069694000 r--p 00018000 08:02 369217444                  /usr/lib/jvm/java-17-openjdk-17.0.9.0.9-2.el9.x86_64/lib/libjimage.so
7fb069694000-7fb069696000 r--p 0001d000 08:02 369217444                  /usr/lib/jvm/java-17-openjdk-17.0.9.0.9-2.el9.x86_64/lib/libjimage.so
7fb069696000-7fb069697000 rw-p 0001f000 08:02 369217444                  /usr/lib/jvm/java-17-openjdk-17.0.9.0.9-2.el9.x86_64/lib/libjimage.so
7fb069697000-7fb0696a4000 r--p 00000000 08:02 335545342                  /usr/lib64/libm.so.6
7fb0696a4000-7fb069714000 r-xp 0000d000 08:02 335545342                  /usr/lib64/libm.so.6
7fb069714000-7fb069770000 r--p 0007d000 08:02 335545342                  /usr/lib64/libm.so.6
7fb069770000-7fb069771000 r--p 000d8000 08:02 335545342                  /usr/lib64/libm.so.6
7fb069771000-7fb069772000 rw-p 000d9000 08:02 335545342                  /usr/lib64/libm.so.6
7fb069772000-7fb069775000 rw-p 00000000 00:00 0 
7fb069776000-7fb069777000 r--p 00000000 08:02 369217461                  /usr/lib/jvm/java-17-openjdk-17.0.9.0.9-2.el9.x86_64/lib/libsystemconf.so
7fb069777000-7fb069778000 r-xp 00001000 08:02 369217461                  /usr/lib/jvm/java-17-openjdk-17.0.9.0.9-2.el9.x86_64/lib/libsystemconf.so
7fb069778000-7fb069779000 r--p 00002000 08:02 369217461                  /usr/lib/jvm/java-17-openjdk-17.0.9.0.9-2.el9.x86_64/lib/libsystemconf.so
7fb069779000-7fb06977a000 r--p 00002000 08:02 369217461                  /usr/lib/jvm/java-17-openjdk-17.0.9.0.9-2.el9.x86_64/lib/libsystemconf.so
7fb06977a000-7fb06977b000 rw-p 00000000 00:00 0 
7fb06977b000-7fb069783000 rw-s 00000000 08:02 403207691                  /tmp/hsperfdata_t24111/1791398
7fb069783000-7fb069784000 ---p 00000000 00:00 0 
7fb069784000-7fb069785000 r--p 00000000 00:00 0 
7fb069785000-7fb069787000 r--p 00000000 08:02 369217445                  /usr/lib/jvm/java-17-openjdk-17.0.9.0.9-2.el9.x86_64/lib/libjli.so
7fb069787000-7fb069798000 r-xp 00002000 08:02 369217445                  /usr/lib/jvm/java-17-openjdk-17.0.9.0.9-2.el9.x86_64/lib/libjli.so
7fb069798000-7fb06979f000 r--p 00013000 08:02 369217445                  /usr/lib/jvm/java-17-openjdk-17.0.9.0.9-2.el9.x86_64/lib/libjli.so
7fb06979f000-7fb0697a0000 r--p 00019000 08:02 369217445                  /usr/lib/jvm/java-17-openjdk-17.0.9.0.9-2.el9.x86_64/lib/libjli.so
7fb0697a0000-7fb0697a1000 rw-p 0001a000 08:02 369217445                  /usr/lib/jvm/java-17-openjdk-17.0.9.0.9-2.el9.x86_64/lib/libjli.so
7fb0697a1000-7fb0697a3000 rw-p 00000000 00:00 0 
7fb0697a3000-7fb0697a5000 r--p 00000000 08:02 335545335                  /usr/lib64/ld-linux-x86-64.so.2
7fb0697a5000-7fb0697cb000 r-xp 00002000 08:02 335545335                  /usr/lib64/ld-linux-x86-64.so.2
7fb0697cb000-7fb0697d6000 r--p 00028000 08:02 335545335                  /usr/lib64/ld-linux-x86-64.so.2
7fb0697d6000-7fb0697d7000 ---p 00000000 00:00 0 
7fb0697d7000-7fb0697d9000 r--p 00033000 08:02 335545335                  /usr/lib64/ld-linux-x86-64.so.2
7fb0697d9000-7fb0697db000 rw-p 00035000 08:02 335545335                  /usr/lib64/ld-linux-x86-64.so.2
7ffed2d40000-7ffed2d61000 rw-p 00000000 00:00 0                          [stack]
7ffed2d6c000-7ffed2d70000 r--p 00000000 00:00 0                          [vvar]
7ffed2d70000-7ffed2d72000 r-xp 00000000 00:00 0                          [vdso]
ffffffffff600000-ffffffffff601000 --xp 00000000 00:00 0                  [vsyscall]


VM Arguments:
java_command: mdm-0.0.1-SNAPSHOT.jar
java_class_path (initial): mdm-0.0.1-SNAPSHOT.jar
Launcher Type: SUN_STANDARD

[Global flags]
     intx CICompilerCount                          = 12                                        {product} {ergonomic}
     uint ConcGCThreads                            = 4                                         {product} {ergonomic}
     uint G1ConcRefinementThreads                  = 14                                        {product} {ergonomic}
   size_t G1HeapRegionSize                         = 16777216                                  {product} {ergonomic}
    uintx GCDrainStackTargetSize                   = 64                                        {product} {ergonomic}
   size_t InitialHeapSize                          = 2097152000                                {product} {ergonomic}
   size_t MarkStackSize                            = 4194304                                   {product} {ergonomic}
   size_t MaxHeapSize                              = 32178700288                               {product} {ergonomic}
   size_t MaxNewSize                               = 19293798400                               {product} {ergonomic}
   size_t MinHeapDeltaBytes                        = 16777216                                  {product} {ergonomic}
   size_t MinHeapSize                              = 16777216                                  {product} {ergonomic}
    uintx NonNMethodCodeHeapSize                   = 7602480                                {pd product} {ergonomic}
    uintx NonProfiledCodeHeapSize                  = 122027880                              {pd product} {ergonomic}
    uintx ProfiledCodeHeapSize                     = 122027880                              {pd product} {ergonomic}
    uintx ReservedCodeCacheSize                    = 251658240                              {pd product} {ergonomic}
     bool SegmentedCodeCache                       = true                                      {product} {ergonomic}
   size_t SoftMaxHeapSize                          = 32178700288                            {manageable} {ergonomic}
     bool UseCompressedClassPointers               = true                           {product lp64_product} {ergonomic}
     bool UseCompressedOops                        = true                           {product lp64_product} {ergonomic}
     bool UseG1GC                                  = true                                      {product} {ergonomic}

Logging:
Log output configuration:
 #0: stdout all=warning uptime,level,tags
 #1: stderr all=off uptime,level,tags

Environment Variables:
PATH=/home/t24111/.local/bin:/home/t24111/bin:/usr/local/bin:/usr/bin:/usr/local/sbin:/usr/sbin
SHELL=/bin/bash
LANG=en_US.UTF-8
TERM=xterm-256color

Active Locale:
LC_ALL=en_US.UTF-8
LC_COLLATE=en_US.UTF-8
LC_CTYPE=en_US.UTF-8
LC_MESSAGES=en_US.UTF-8
LC_MONETARY=en_US.UTF-8
LC_NUMERIC=en_US.UTF-8
LC_TIME=en_US.UTF-8

Signal Handlers:
   SIGSEGV: crash_handler in libjvm.so, mask=11100100010111111101111111111110, flags=SA_RESTART|SA_SIGINFO, unblocked
    SIGBUS: crash_handler in libjvm.so, mask=11100100010111111101111111111110, flags=SA_RESTART|SA_SIGINFO, unblocked
    SIGFPE: crash_handler in libjvm.so, mask=11100100010111111101111111111110, flags=SA_RESTART|SA_SIGINFO, unblocked
   SIGPIPE: javaSignalHandler in libjvm.so, mask=11100100010111111101111111111110, flags=SA_RESTART|SA_SIGINFO, blocked
   SIGXFSZ: javaSignalHandler in libjvm.so, mask=11100100010111111101111111111110, flags=SA_RESTART|SA_SIGINFO, blocked
    SIGILL: crash_handler in libjvm.so, mask=11100100010111111101111111111110, flags=SA_RESTART|SA_SIGINFO, unblocked
   SIGUSR2: SR_handler in libjvm.so, mask=00100000000000000000000000000000, flags=SA_RESTART|SA_SIGINFO, blocked
    SIGHUP: UserHandler in libjvm.so, mask=11100100010111111101111111111110, flags=SA_RESTART|SA_SIGINFO, blocked
    SIGINT: UserHandler in libjvm.so, mask=11100100010111111101111111111110, flags=SA_RESTART|SA_SIGINFO, blocked
   SIGTERM: UserHandler in libjvm.so, mask=11100100010111111101111111111110, flags=SA_RESTART|SA_SIGINFO, blocked
   SIGQUIT: UserHandler in libjvm.so, mask=11100100010111111101111111111110, flags=SA_RESTART|SA_SIGINFO, blocked
   SIGTRAP: crash_handler in libjvm.so, mask=11100100010111111101111111111110, flags=SA_RESTART|SA_SIGINFO, unblocked


Periodic native trim disabled


---------------  S Y S T E M  ---------------

OS:
Rocky Linux release 9.3 (Blue Onyx)
uname: Linux 5.14.0-362.13.1.el9_3.x86_64 #1 SMP PREEMPT_DYNAMIC Wed Dec 13 14:07:45 UTC 2023 x86_64
OS uptime: 0 days 19:17 hours
libc: glibc 2.34 NPTL 2.34 
rlimit (soft/hard): STACK 8192k/infinity , CORE 0k/infinity , NPROC 511654/511654 , NOFILE 524288/524288 , AS infinity/infinity , CPU infinity/infinity , DATA infinity/infinity , FSIZE infinity/infinity , MEMLOCK 8192k/8192k
load average: 3.20 1.13 0.45

/proc/meminfo:
MemTotal:       131044792 kB
MemFree:         1585920 kB
MemAvailable:   73648956 kB
Buffers:            1476 kB
Cached:         33455896 kB
SwapCached:          216 kB
Active:         15402800 kB
Inactive:       46252484 kB
Active(anon):      23520 kB
Inactive(anon): 28201484 kB
Active(file):   15379280 kB
Inactive(file): 18051000 kB
Unevictable:           0 kB
Mlocked:               0 kB
SwapTotal:      134217724 kB
SwapFree:       134213080 kB
Zswap:                 0 kB
Zswapped:              0 kB
Dirty:               192 kB
Writeback:             0 kB
AnonPages:      27886356 kB
Mapped:          3088640 kB
Shmem:             74504 kB
KReclaimable:   39896320 kB
Slab:           43784364 kB
SReclaimable:   39896320 kB
SUnreclaim:      3888044 kB
KernelStack:       32576 kB
PageTables:       128980 kB
SecPageTables:         0 kB
NFS_Unstable:          0 kB
Bounce:                0 kB
WritebackTmp:          0 kB
CommitLimit:    199740120 kB
Committed_AS:   31203712 kB
VmallocTotal:   34359738367 kB
VmallocUsed:      182076 kB
VmallocChunk:          0 kB
Percpu:            20352 kB
HardwareCorrupted:     0 kB
AnonHugePages:  19820544 kB
ShmemHugePages:        0 kB
ShmemPmdMapped:        0 kB
FileHugePages:         0 kB
FilePmdMapped:         0 kB
CmaTotal:              0 kB
CmaFree:               0 kB
HugePages_Total:       0
HugePages_Free:        0
HugePages_Rsvd:        0
HugePages_Surp:        0
Hugepagesize:       2048 kB
Hugetlb:               0 kB
DirectMap4k:    15390188 kB
DirectMap2M:    117450752 kB
DirectMap1G:     1048576 kB

/sys/kernel/mm/transparent_hugepage/enabled: [always] madvise never
/sys/kernel/mm/transparent_hugepage/defrag (defrag/compaction efforts parameter): always defer defer+madvise [madvise] never

Process Memory:
Virtual Size: 36219232K (peak: 36272588K)
Resident Set Size: 201356K (peak: 201356K) (anon: 179340K, file: 22016K, shmem: 0K)
Swapped out: 0K
C-Heap outstanding allocations: 128558K, retained: 9113K
glibc malloc tunables: (default)

/proc/sys/kernel/threads-max (system-wide limit on the number of threads): 1023309
/proc/sys/vm/max_map_count (maximum number of memory map areas a process may have): 65530
/proc/sys/kernel/pid_max (system-wide limit on number of process identifiers): 4194304

container (cgroup) information:
container_type: cgroupv2
cpu_cpuset_cpus: not supported
cpu_memory_nodes: not supported
active_processor_count: 18
cpu_quota: not supported
cpu_period: not supported
cpu_shares: not supported
memory_limit_in_bytes: unlimited
memory_and_swap_limit_in_bytes: unlimited
memory_soft_limit_in_bytes: unlimited
memory_usage_in_bytes: 2564872 k
memory_max_usage_in_bytes: not supported
memory_swap_current_in_bytes: unlimited
memory_swap_max_limit_in_bytes: unlimited
maximum number of tasks: unlimited
current number of tasks: 242

Steal ticks since vm start: 0
Steal ticks percentage since vm start:  0.000

CPU: total 18 (initial active 18) (18 cores per cpu, 2 threads per core) family 6 model 85 stepping 7 microcode 0x5003604, cx8, cmov, fxsr, ht, mmx, 3dnowpref, sse, sse2, sse3, ssse3, sse4.1, sse4.2, popcnt, lzcnt, tsc, tscinvbit, avx, avx2, aes, erms, clmul, bmi1, bmi2, adx, avx512f, avx512dq, avx512cd, avx512bw, avx512vl, fma, vzeroupper, avx512_vnni, clflush, clflushopt, clwb
CPU Model and flags from /proc/cpuinfo:
model name	: Intel(R) Core(TM) i9-10980XE CPU @ 3.00GHz
flags		: fpu vme de pse tsc msr pae mce cx8 apic sep mtrr pge mca cmov pat pse36 clflush dts acpi mmx fxsr sse sse2 ss ht tm pbe syscall nx pdpe1gb rdtscp lm constant_tsc art arch_perfmon pebs bts rep_good nopl xtopology nonstop_tsc cpuid aperfmperf pni pclmulqdq dtes64 monitor ds_cpl vmx est tm2 ssse3 sdbg fma cx16 xtpr pdcm pcid dca sse4_1 sse4_2 x2apic movbe popcnt tsc_deadline_timer aes xsave avx f16c rdrand lahf_lm abm 3dnowprefetch cpuid_fault epb cat_l3 cdp_l3 invpcid_single ssbd mba ibrs ibpb stibp ibrs_enhanced tpr_shadow flexpriority ept vpid ept_ad fsgsbase tsc_adjust bmi1 avx2 smep bmi2 erms invpcid cqm mpx rdt_a avx512f avx512dq rdseed adx smap clflushopt clwb intel_pt avx512cd avx512bw avx512vl xsaveopt xsavec xgetbv1 xsaves cqm_llc cqm_occup_llc cqm_mbm_total cqm_mbm_local dtherm ida arat pln pts vnmi avx512_vnni md_clear flush_l1d arch_capabilities

Online cpus: 0-17
Offline cpus: 
BIOS frequency limitation: <Not Available>
Frequency switch latency (ns): 20000
Available cpu frequencies: <Not Available>
Current governor: performance
Core performance/turbo boost: <Not Available>

Memory: 4k page, physical 131044792k(1588788k free), swap 134217724k(134213080k free)
Page Sizes: 4k

vm_info: OpenJDK 64-Bit Server VM (17.0.9+9-LTS) for linux-amd64 JRE (17.0.9+9-LTS), built on Oct 12 2023 00:00:00 by "mockbuild" with gcc 11.3.1 20221121 (Red Hat 11.3.1-4)

END.
